xrun(64): 20.09-s017: (c) Copyright 1995-2021 Cadence Design Systems, Inc.
TOOL:	xrun(64)	20.09-s017: Started on Mar 17, 2025 at 14:58:24 PDT
xrun
	+gui
	+access+rwc
	+xm64bit
	+xmstatus
	+xmtimescale+1ns/1ps
	+xmoveride_timescale
	-v ./netlist/mac_array.pnr.v
	-v /home/linux/ieng6/ee260bwi25/public/PDKdata/verilog/tcbn65gplus.v
	./netlist/mac_array_tb.v

   User defined plus("+") options:
	+xmoveride_timescale

DEFINE analogLib $CDSHOME/tools/dfII/etc/cdslib/artist/analogLib
|
xrun: *W,DLCPTH (/home/linux/ieng6/oce/6d/h3le/cds.lib,5): cds.lib Invalid path '/software/ECE/IC-618/tools/dfII/bin/tools/dfII/etc/cdslib/artist/analogLib' (cds.lib command ignored).
DEFINE basic $CDSHOME/tools/dfII/etc/cdslib/basic
|
xrun: *W,DLCPTH (/home/linux/ieng6/oce/6d/h3le/cds.lib,6): cds.lib Invalid path '/software/ECE/IC-618/tools/dfII/bin/tools/dfII/etc/cdslib/basic' (cds.lib command ignored).
DEFINE US_8ths $CDSHOME/tools/dfII/etc/cdslib/sheets/US_8ths
|
xrun: *W,DLCPTH (/home/linux/ieng6/oce/6d/h3le/cds.lib,7): cds.lib Invalid path '/software/ECE/IC-618/tools/dfII/bin/tools/dfII/etc/cdslib/sheets/US_8ths' (cds.lib command ignored).
DEFINE sheets $CDSHOME/tools/dfII/etc/cdslib/sheets/US_8ths
|
xrun: *W,DLCPTH (/home/linux/ieng6/oce/6d/h3le/cds.lib,8): cds.lib Invalid path '/software/ECE/IC-618/tools/dfII/bin/tools/dfII/etc/cdslib/sheets/US_8ths' (cds.lib command ignored).
DEFINE cdsDefTechLib $CDSHOME/tools/dfII/etc/cdsDefTechLib
|
xrun: *W,DLCPTH (/home/linux/ieng6/oce/6d/h3le/cds.lib,9): cds.lib Invalid path '/software/ECE/IC-618/tools/dfII/bin/tools/dfII/etc/cdsDefTechLib' (cds.lib command ignored).
DEFINE ahdlLib $CDSHOME/tools/dfII/samples/artist
|
xrun: *W,DLCPTH (/home/linux/ieng6/oce/6d/h3le/cds.lib,10): cds.lib Invalid path '/software/ECE/IC-618/tools/dfII/bin/tools/dfII/samples/artist' (cds.lib command ignored).
ASSIGN gsclib045 COMBINE gsclib045 gsclib045_tech
|
xrun: *W,DLCOMB (/home/linux/ieng6/oce/6d/h3le/cds.lib,24): cds.lib COMBINE attribute library not defined 'gsclib045_tech' (cds.lib command ignored).
ASSIGN gsclib045_tech DISPLAY PDKlib
|
xrun: *W,DLCLIB (/home/linux/ieng6/oce/6d/h3le/cds.lib,26): cds.lib Library not defined 'gsclib045_tech' (cds.lib command ignored).
DEFINE sharedKen /home/linux/ieng6/ee283fa23/public/ee283fa23_hll/shared_buck_project
|
xrun: *W,DLCPTH (/home/linux/ieng6/oce/6d/h3le/cds.lib,36): cds.lib Invalid path '/home/linux/ieng6/ee283fa23/public/ee283fa23_hll/shared_buck_project' (cds.lib command ignored).
DEFINE analogLib $CDSHOME/tools/dfII/etc/cdslib/artist/analogLib
|
xrun: *W,DLCPTH (/home/linux/ieng6/oce/6d/h3le/cds.lib,5): cds.lib Invalid path '/software/ECE/IC-618/tools/dfII/bin/tools/dfII/etc/cdslib/artist/analogLib' (cds.lib command ignored).
DEFINE basic $CDSHOME/tools/dfII/etc/cdslib/basic
|
xrun: *W,DLCPTH (/home/linux/ieng6/oce/6d/h3le/cds.lib,6): cds.lib Invalid path '/software/ECE/IC-618/tools/dfII/bin/tools/dfII/etc/cdslib/basic' (cds.lib command ignored).
DEFINE US_8ths $CDSHOME/tools/dfII/etc/cdslib/sheets/US_8ths
|
xrun: *W,DLCPTH (/home/linux/ieng6/oce/6d/h3le/cds.lib,7): cds.lib Invalid path '/software/ECE/IC-618/tools/dfII/bin/tools/dfII/etc/cdslib/sheets/US_8ths' (cds.lib command ignored).
DEFINE sheets $CDSHOME/tools/dfII/etc/cdslib/sheets/US_8ths
|
xrun: *W,DLCPTH (/home/linux/ieng6/oce/6d/h3le/cds.lib,8): cds.lib Invalid path '/software/ECE/IC-618/tools/dfII/bin/tools/dfII/etc/cdslib/sheets/US_8ths' (cds.lib command ignored).
DEFINE cdsDefTechLib $CDSHOME/tools/dfII/etc/cdsDefTechLib
|
xrun: *W,DLCPTH (/home/linux/ieng6/oce/6d/h3le/cds.lib,9): cds.lib Invalid path '/software/ECE/IC-618/tools/dfII/bin/tools/dfII/etc/cdsDefTechLib' (cds.lib command ignored).
DEFINE ahdlLib $CDSHOME/tools/dfII/samples/artist
|
xrun: *W,DLCPTH (/home/linux/ieng6/oce/6d/h3le/cds.lib,10): cds.lib Invalid path '/software/ECE/IC-618/tools/dfII/bin/tools/dfII/samples/artist' (cds.lib command ignored).
ASSIGN gsclib045 COMBINE gsclib045 gsclib045_tech
|
xrun: *W,DLCOMB (/home/linux/ieng6/oce/6d/h3le/cds.lib,24): cds.lib COMBINE attribute library not defined 'gsclib045_tech' (cds.lib command ignored).
ASSIGN gsclib045_tech DISPLAY PDKlib
|
xrun: *W,DLCLIB (/home/linux/ieng6/oce/6d/h3le/cds.lib,26): cds.lib Library not defined 'gsclib045_tech' (cds.lib command ignored).
DEFINE sharedKen /home/linux/ieng6/ee283fa23/public/ee283fa23_hll/shared_buck_project
|
xrun: *W,DLCPTH (/home/linux/ieng6/oce/6d/h3le/cds.lib,36): cds.lib Invalid path '/home/linux/ieng6/ee283fa23/public/ee283fa23_hll/shared_buck_project' (cds.lib command ignored).
DEFINE analogLib $CDSHOME/tools/dfII/etc/cdslib/artist/analogLib
|
xrun: *W,DLCPTH (/home/linux/ieng6/oce/6d/h3le/cds.lib,5): cds.lib Invalid path '/software/ECE/IC-618/tools/dfII/bin/tools/dfII/etc/cdslib/artist/analogLib' (cds.lib command ignored).
DEFINE basic $CDSHOME/tools/dfII/etc/cdslib/basic
|
xrun: *W,DLCPTH (/home/linux/ieng6/oce/6d/h3le/cds.lib,6): cds.lib Invalid path '/software/ECE/IC-618/tools/dfII/bin/tools/dfII/etc/cdslib/basic' (cds.lib command ignored).
DEFINE US_8ths $CDSHOME/tools/dfII/etc/cdslib/sheets/US_8ths
|
xrun: *W,DLCPTH (/home/linux/ieng6/oce/6d/h3le/cds.lib,7): cds.lib Invalid path '/software/ECE/IC-618/tools/dfII/bin/tools/dfII/etc/cdslib/sheets/US_8ths' (cds.lib command ignored).
DEFINE sheets $CDSHOME/tools/dfII/etc/cdslib/sheets/US_8ths
|
xrun: *W,DLCPTH (/home/linux/ieng6/oce/6d/h3le/cds.lib,8): cds.lib Invalid path '/software/ECE/IC-618/tools/dfII/bin/tools/dfII/etc/cdslib/sheets/US_8ths' (cds.lib command ignored).
DEFINE cdsDefTechLib $CDSHOME/tools/dfII/etc/cdsDefTechLib
|
xrun: *W,DLCPTH (/home/linux/ieng6/oce/6d/h3le/cds.lib,9): cds.lib Invalid path '/software/ECE/IC-618/tools/dfII/bin/tools/dfII/etc/cdsDefTechLib' (cds.lib command ignored).
DEFINE ahdlLib $CDSHOME/tools/dfII/samples/artist
|
xrun: *W,DLCPTH (/home/linux/ieng6/oce/6d/h3le/cds.lib,10): cds.lib Invalid path '/software/ECE/IC-618/tools/dfII/bin/tools/dfII/samples/artist' (cds.lib command ignored).
ASSIGN gsclib045 COMBINE gsclib045 gsclib045_tech
|
xrun: *W,DLCOMB (/home/linux/ieng6/oce/6d/h3le/cds.lib,24): cds.lib COMBINE attribute library not defined 'gsclib045_tech' (cds.lib command ignored).
ASSIGN gsclib045_tech DISPLAY PDKlib
|
xrun: *W,DLCLIB (/home/linux/ieng6/oce/6d/h3le/cds.lib,26): cds.lib Library not defined 'gsclib045_tech' (cds.lib command ignored).
DEFINE sharedKen /home/linux/ieng6/ee283fa23/public/ee283fa23_hll/shared_buck_project
|
xrun: *W,DLCPTH (/home/linux/ieng6/oce/6d/h3le/cds.lib,36): cds.lib Invalid path '/home/linux/ieng6/ee283fa23/public/ee283fa23_hll/shared_buck_project' (cds.lib command ignored).
DEFINE analogLib $CDSHOME/tools/dfII/etc/cdslib/artist/analogLib
|
xrun: *W,DLCPTH (/home/linux/ieng6/oce/6d/h3le/cds.lib,5): cds.lib Invalid path '/software/ECE/IC-618/tools/dfII/bin/tools/dfII/etc/cdslib/artist/analogLib' (cds.lib command ignored).
DEFINE basic $CDSHOME/tools/dfII/etc/cdslib/basic
|
xrun: *W,DLCPTH (/home/linux/ieng6/oce/6d/h3le/cds.lib,6): cds.lib Invalid path '/software/ECE/IC-618/tools/dfII/bin/tools/dfII/etc/cdslib/basic' (cds.lib command ignored).
DEFINE US_8ths $CDSHOME/tools/dfII/etc/cdslib/sheets/US_8ths
|
xrun: *W,DLCPTH (/home/linux/ieng6/oce/6d/h3le/cds.lib,7): cds.lib Invalid path '/software/ECE/IC-618/tools/dfII/bin/tools/dfII/etc/cdslib/sheets/US_8ths' (cds.lib command ignored).
DEFINE sheets $CDSHOME/tools/dfII/etc/cdslib/sheets/US_8ths
|
xrun: *W,DLCPTH (/home/linux/ieng6/oce/6d/h3le/cds.lib,8): cds.lib Invalid path '/software/ECE/IC-618/tools/dfII/bin/tools/dfII/etc/cdslib/sheets/US_8ths' (cds.lib command ignored).
DEFINE cdsDefTechLib $CDSHOME/tools/dfII/etc/cdsDefTechLib
|
xrun: *W,DLCPTH (/home/linux/ieng6/oce/6d/h3le/cds.lib,9): cds.lib Invalid path '/software/ECE/IC-618/tools/dfII/bin/tools/dfII/etc/cdsDefTechLib' (cds.lib command ignored).
DEFINE ahdlLib $CDSHOME/tools/dfII/samples/artist
|
xrun: *W,DLCPTH (/home/linux/ieng6/oce/6d/h3le/cds.lib,10): cds.lib Invalid path '/software/ECE/IC-618/tools/dfII/bin/tools/dfII/samples/artist' (cds.lib command ignored).
ASSIGN gsclib045 COMBINE gsclib045 gsclib045_tech
|
xrun: *W,DLCOMB (/home/linux/ieng6/oce/6d/h3le/cds.lib,24): cds.lib COMBINE attribute library not defined 'gsclib045_tech' (cds.lib command ignored).
ASSIGN gsclib045_tech DISPLAY PDKlib
|
xrun: *W,DLCLIB (/home/linux/ieng6/oce/6d/h3le/cds.lib,26): cds.lib Library not defined 'gsclib045_tech' (cds.lib command ignored).
DEFINE sharedKen /home/linux/ieng6/ee283fa23/public/ee283fa23_hll/shared_buck_project
|
xrun: *W,DLCPTH (/home/linux/ieng6/oce/6d/h3le/cds.lib,36): cds.lib Invalid path '/home/linux/ieng6/ee283fa23/public/ee283fa23_hll/shared_buck_project' (cds.lib command ignored).
DEFINE analogLib $CDSHOME/tools/dfII/etc/cdslib/artist/analogLib
|
xrun: *W,DLCPTH (/home/linux/ieng6/oce/6d/h3le/cds.lib,5): cds.lib Invalid path '/software/ECE/IC-618/tools/dfII/bin/tools/dfII/etc/cdslib/artist/analogLib' (cds.lib command ignored).
DEFINE basic $CDSHOME/tools/dfII/etc/cdslib/basic
|
xrun: *W,DLCPTH (/home/linux/ieng6/oce/6d/h3le/cds.lib,6): cds.lib Invalid path '/software/ECE/IC-618/tools/dfII/bin/tools/dfII/etc/cdslib/basic' (cds.lib command ignored).
DEFINE US_8ths $CDSHOME/tools/dfII/etc/cdslib/sheets/US_8ths
|
xrun: *W,DLCPTH (/home/linux/ieng6/oce/6d/h3le/cds.lib,7): cds.lib Invalid path '/software/ECE/IC-618/tools/dfII/bin/tools/dfII/etc/cdslib/sheets/US_8ths' (cds.lib command ignored).
DEFINE sheets $CDSHOME/tools/dfII/etc/cdslib/sheets/US_8ths
|
xrun: *W,DLCPTH (/home/linux/ieng6/oce/6d/h3le/cds.lib,8): cds.lib Invalid path '/software/ECE/IC-618/tools/dfII/bin/tools/dfII/etc/cdslib/sheets/US_8ths' (cds.lib command ignored).
DEFINE cdsDefTechLib $CDSHOME/tools/dfII/etc/cdsDefTechLib
|
xrun: *W,DLCPTH (/home/linux/ieng6/oce/6d/h3le/cds.lib,9): cds.lib Invalid path '/software/ECE/IC-618/tools/dfII/bin/tools/dfII/etc/cdsDefTechLib' (cds.lib command ignored).
DEFINE ahdlLib $CDSHOME/tools/dfII/samples/artist
|
xrun: *W,DLCPTH (/home/linux/ieng6/oce/6d/h3le/cds.lib,10): cds.lib Invalid path '/software/ECE/IC-618/tools/dfII/bin/tools/dfII/samples/artist' (cds.lib command ignored).
ASSIGN gsclib045 COMBINE gsclib045 gsclib045_tech
|
xrun: *W,DLCOMB (/home/linux/ieng6/oce/6d/h3le/cds.lib,24): cds.lib COMBINE attribute library not defined 'gsclib045_tech' (cds.lib command ignored).
ASSIGN gsclib045_tech DISPLAY PDKlib
|
xrun: *W,DLCLIB (/home/linux/ieng6/oce/6d/h3le/cds.lib,26): cds.lib Library not defined 'gsclib045_tech' (cds.lib command ignored).
DEFINE sharedKen /home/linux/ieng6/ee283fa23/public/ee283fa23_hll/shared_buck_project
|
xrun: *W,DLCPTH (/home/linux/ieng6/oce/6d/h3le/cds.lib,36): cds.lib Invalid path '/home/linux/ieng6/ee283fa23/public/ee283fa23_hll/shared_buck_project' (cds.lib command ignored).
DEFINE analogLib $CDSHOME/tools/dfII/etc/cdslib/artist/analogLib
|
xrun: *W,DLCPTH (/home/linux/ieng6/oce/6d/h3le/cds.lib,5): cds.lib Invalid path '/software/ECE/IC-618/tools/dfII/bin/tools/dfII/etc/cdslib/artist/analogLib' (cds.lib command ignored).
DEFINE basic $CDSHOME/tools/dfII/etc/cdslib/basic
|
xrun: *W,DLCPTH (/home/linux/ieng6/oce/6d/h3le/cds.lib,6): cds.lib Invalid path '/software/ECE/IC-618/tools/dfII/bin/tools/dfII/etc/cdslib/basic' (cds.lib command ignored).
DEFINE US_8ths $CDSHOME/tools/dfII/etc/cdslib/sheets/US_8ths
|
xrun: *W,DLCPTH (/home/linux/ieng6/oce/6d/h3le/cds.lib,7): cds.lib Invalid path '/software/ECE/IC-618/tools/dfII/bin/tools/dfII/etc/cdslib/sheets/US_8ths' (cds.lib command ignored).
DEFINE sheets $CDSHOME/tools/dfII/etc/cdslib/sheets/US_8ths
|
xrun: *W,DLCPTH (/home/linux/ieng6/oce/6d/h3le/cds.lib,8): cds.lib Invalid path '/software/ECE/IC-618/tools/dfII/bin/tools/dfII/etc/cdslib/sheets/US_8ths' (cds.lib command ignored).
DEFINE cdsDefTechLib $CDSHOME/tools/dfII/etc/cdsDefTechLib
|
xrun: *W,DLCPTH (/home/linux/ieng6/oce/6d/h3le/cds.lib,9): cds.lib Invalid path '/software/ECE/IC-618/tools/dfII/bin/tools/dfII/etc/cdsDefTechLib' (cds.lib command ignored).
DEFINE ahdlLib $CDSHOME/tools/dfII/samples/artist
|
xrun: *W,DLCPTH (/home/linux/ieng6/oce/6d/h3le/cds.lib,10): cds.lib Invalid path '/software/ECE/IC-618/tools/dfII/bin/tools/dfII/samples/artist' (cds.lib command ignored).
ASSIGN gsclib045 COMBINE gsclib045 gsclib045_tech
|
xrun: *W,DLCOMB (/home/linux/ieng6/oce/6d/h3le/cds.lib,24): cds.lib COMBINE attribute library not defined 'gsclib045_tech' (cds.lib command ignored).
ASSIGN gsclib045_tech DISPLAY PDKlib
|
xrun: *W,DLCLIB (/home/linux/ieng6/oce/6d/h3le/cds.lib,26): cds.lib Library not defined 'gsclib045_tech' (cds.lib command ignored).
DEFINE sharedKen /home/linux/ieng6/ee283fa23/public/ee283fa23_hll/shared_buck_project
|
xrun: *W,DLCPTH (/home/linux/ieng6/oce/6d/h3le/cds.lib,36): cds.lib Invalid path '/home/linux/ieng6/ee283fa23/public/ee283fa23_hll/shared_buck_project' (cds.lib command ignored).
DEFINE analogLib $CDSHOME/tools/dfII/etc/cdslib/artist/analogLib
|
xmsim: *W,DLCPTH (/home/linux/ieng6/oce/6d/h3le/cds.lib,5): cds.lib Invalid path '/software/ECE/IC-618/tools/dfII/bin/tools/dfII/etc/cdslib/artist/analogLib' (cds.lib command ignored).
DEFINE basic $CDSHOME/tools/dfII/etc/cdslib/basic
|
xmsim: *W,DLCPTH (/home/linux/ieng6/oce/6d/h3le/cds.lib,6): cds.lib Invalid path '/software/ECE/IC-618/tools/dfII/bin/tools/dfII/etc/cdslib/basic' (cds.lib command ignored).
DEFINE US_8ths $CDSHOME/tools/dfII/etc/cdslib/sheets/US_8ths
|
xmsim: *W,DLCPTH (/home/linux/ieng6/oce/6d/h3le/cds.lib,7): cds.lib Invalid path '/software/ECE/IC-618/tools/dfII/bin/tools/dfII/etc/cdslib/sheets/US_8ths' (cds.lib command ignored).
DEFINE sheets $CDSHOME/tools/dfII/etc/cdslib/sheets/US_8ths
|
xmsim: *W,DLCPTH (/home/linux/ieng6/oce/6d/h3le/cds.lib,8): cds.lib Invalid path '/software/ECE/IC-618/tools/dfII/bin/tools/dfII/etc/cdslib/sheets/US_8ths' (cds.lib command ignored).
DEFINE cdsDefTechLib $CDSHOME/tools/dfII/etc/cdsDefTechLib
|
xmsim: *W,DLCPTH (/home/linux/ieng6/oce/6d/h3le/cds.lib,9): cds.lib Invalid path '/software/ECE/IC-618/tools/dfII/bin/tools/dfII/etc/cdsDefTechLib' (cds.lib command ignored).
DEFINE ahdlLib $CDSHOME/tools/dfII/samples/artist
|
xmsim: *W,DLCPTH (/home/linux/ieng6/oce/6d/h3le/cds.lib,10): cds.lib Invalid path '/software/ECE/IC-618/tools/dfII/bin/tools/dfII/samples/artist' (cds.lib command ignored).
ASSIGN gsclib045 COMBINE gsclib045 gsclib045_tech
|
xmsim: *W,DLCOMB (/home/linux/ieng6/oce/6d/h3le/cds.lib,24): cds.lib COMBINE attribute library not defined 'gsclib045_tech' (cds.lib command ignored).
ASSIGN gsclib045_tech DISPLAY PDKlib
|
xmsim: *W,DLCLIB (/home/linux/ieng6/oce/6d/h3le/cds.lib,26): cds.lib Library not defined 'gsclib045_tech' (cds.lib command ignored).
DEFINE sharedKen /home/linux/ieng6/ee283fa23/public/ee283fa23_hll/shared_buck_project
|
xmsim: *W,DLCPTH (/home/linux/ieng6/oce/6d/h3le/cds.lib,36): cds.lib Invalid path '/home/linux/ieng6/ee283fa23/public/ee283fa23_hll/shared_buck_project' (cds.lib command ignored).

-------------------------------------
Relinquished control to SimVision...
xcelium> 
xcelium> source /software/ECE/XCELIUM-2009/tools/xcelium/files/xmsimrc
xcelium> database -open waves -into waves.shm -default
Created default SHM database waves
xcelium> probe -create -shm mac_array_tb.q_in mac_array_tb.i_inst mac_array_tb.clk mac_array_tb.reset
Created probe 1
xcelium> run
##### Q data txt reading #####
Q vector:           0

Data:          -5

Data:           7

Data:          -5

Data:          -7

Data:          -1

Data:           6

Data:           1

Data:           2

Q vector:           1

Data:          -4

Data:           7

Data:          -2

Data:          -5

Data:          -3

Data:           4

Data:           1

Data:          -3

Q vector:           2

Data:          -4

Data:          -1

Data:          -4

Data:          -4

Data:           0

Data:           5

Data:           2

Data:           0

Q vector:           3

Data:          -3

Data:           3

Data:           6

Data:          -4

Data:           6

Data:           2

Data:           1

Data:           6

Q vector:           4

Data:          -8

Data:           5

Data:          -2

Data:           6

Data:           2

Data:           1

Data:          -3

Data:           4

Q vector:           5

Data:          -2

Data:          -1

Data:          -2

Data:          -6

Data:          -1

Data:           4

Data:           0

Data:           2

Q vector:           6

Data:           5

Data:          -7

Data:          -1

Data:           3

Data:           2

Data:           1

Data:          -7

Data:           6

Q vector:           7

Data:           5

Data:          -8

Data:          -3

Data:           6

Data:           0

Data:          -2

Data:           6

Data:          -1

##### K data txt reading #####
K vector:           0

Data:          -6

Data:           3

Data:          -2

Data:          -1

Data:          -5

Data:           1

Data:           0

Data:           7

K vector:           1

Data:           0

Data:          -5

Data:          -8

Data:           0

Data:           6

Data:           0

Data:          -5

Data:          -7

K vector:           2

Data:           4

Data:          -7

Data:          -6

Data:           3

Data:           7

Data:           7

Data:           6

Data:           6

K vector:           3

Data:          -3

Data:           0

Data:           0

Data:          -7

Data:           6

Data:           3

Data:           4

Data:           7

K vector:           4

Data:           6

Data:          -3

Data:           4

Data:          -7

Data:          -4

Data:          -3

Data:          -2

Data:          -5

K vector:           5

Data:           0

Data:          -7

Data:           3

Data:           3

Data:          -2

Data:           6

Data:           4

Data:          -1

K vector:           6

Data:           7

Data:          -5

Data:           2

Data:           1

Data:           3

Data:           6

Data:           1

Data:          -5

K vector:           7

Data:           3

Data:          -1

Data:           6

Data:           3

Data:          -6

Data:          -2

Data:           1

Data:          -4

##### K data txt reading #####
K#:           0
Q#:           0
Predicted psum:          93
Q#:           1
Predicted psum:          52
Q#:           2
Predicted psum:          38
Q#:           3
Predicted psum:          33
Q#:           4
Predicted psum:          80
Q#:           5
Predicted psum:          42
Q#:           6
Predicted psum:         -19
Q#:           7
Predicted psum:         -63
K#:           1
Q#:           0
Predicted psum:         -20
Q#:           1
Predicted psum:         -21
Q#:           2
Predicted psum:          27
Q#:           3
Predicted psum:         -74
Q#:           4
Predicted psum:         -10
Q#:           5
Predicted psum:           1
Q#:           6
Predicted psum:          48
Q#:           7
Predicted psum:          41
K#:           2
Q#:           0
Predicted psum:          -7
Q#:           1
Predicted psum:         -73
Q#:           2
Predicted psum:          50
Q#:           3
Predicted psum:          17
Q#:           4
Predicted psum:         -10
Q#:           5
Predicted psum:          26
Q#:           6
Predicted psum:          99
Q#:           7
Predicted psum:         128
K#:           3
Q#:           0
Predicted psum:          94
Q#:           1
Predicted psum:          24
Q#:           2
Predicted psum:          63
Q#:           3
Predicted psum:         125
Q#:           4
Predicted psum:          13
Q#:           5
Predicted psum:          68
Q#:           6
Predicted psum:          -7
Q#:           7
Predicted psum:         -46
K#:           4
Q#:           0
Predicted psum:         -48
Q#:           1
Predicted psum:          -5
Q#:           2
Predicted psum:         -28
Q#:           3
Predicted psum:         -37
Q#:           4
Predicted psum:        -138
Q#:           5
Predicted psum:           7
Q#:           6
Predicted psum:          -1
Q#:           7
Predicted psum:          -1
K#:           5
Q#:           0
Predicted psum:         -45
Q#:           1
Predicted psum:         -33
Q#:           2
Predicted psum:          21
Q#:           3
Predicted psum:         -17
Q#:           4
Predicted psum:         -37
Q#:           5
Predicted psum:           7
Q#:           6
Predicted psum:          23
Q#:           7
Predicted psum:          78
K#:           6
Q#:           0
Predicted psum:         -63
Q#:           1
Predicted psum:         -41
Q#:           2
Predicted psum:          -3
Q#:           3
Predicted psum:         -27
Q#:           4
Predicted psum:         -90
Q#:           5
Predicted psum:          -8
Q#:           6
Predicted psum:          46
Q#:           7
Predicted psum:          74
K#:           7
Q#:           0
Predicted psum:         -86
Q#:           1
Predicted psum:         -23
Q#:           2
Predicted psum:         -55
Q#:           3
Predicted psum:         -51
Q#:           4
Predicted psum:         -56
Q#:           5
Predicted psum:         -45
Q#:           6
Predicted psum:         -20
Q#:           7
Predicted psum:          37

Warning!  Timing violation
           $setuphold<setup>( posedge CP &&& xE:3170 PS, posedge D:3150 PS,  0.03 : 30 PS,  -0.01 : -10 PS );
            File: /home/linux/ieng6/ee260bwi25/public/PDKdata/verilog/tcbn65gplus.v, line = 9744
           Scope: mac_array_tb.DUT.genblk1_6__mac_col_inst.mac_8in_instance.psum_0_0_reg_0_
            Time: 3170 PS


Warning!  Glitch suppression
           Scheduled event for delayed signal of net "D" at time 9252 PS was canceled!
            File: /home/linux/ieng6/ee260bwi25/public/PDKdata/verilog/tcbn65gplus.v, line = 6122
           Scope: mac_array_tb.DUT.genblk1_0__mac_col_inst.mac_8in_instance.product0_reg_1_
            Time: 9250 PS


Warning!  Timing violation
           $setuphold<hold>( posedge CP &&& xE:13160 PS, negedge D:13140 PS,  0.04 : 40 PS,  -0.01 : -10 PS );
            File: /home/linux/ieng6/ee260bwi25/public/PDKdata/verilog/tcbn65gplus.v, line = 9742
           Scope: mac_array_tb.DUT.genblk1_1__mac_col_inst.key_q_reg_15_
            Time: 13161 PS


Warning!  Timing violation
           $setuphold<hold>( posedge CP &&& xCN:15190 PS, negedge D:15190 PS,  0.01 : 10 PS,  0.01 : 10 PS );
            File: /home/linux/ieng6/ee260bwi25/public/PDKdata/verilog/tcbn65gplus.v, line = 6288
           Scope: mac_array_tb.DUT.genblk1_4__mac_col_inst.mac_8in_instance.product6_reg_0_
            Time: 15199 PS


Warning!  Glitch suppression
           Scheduled event for delayed signal of net "D" at time 17252 PS was canceled!
            File: /home/linux/ieng6/ee260bwi25/public/PDKdata/verilog/tcbn65gplus.v, line = 6122
           Scope: mac_array_tb.DUT.genblk1_4__mac_col_inst.mac_8in_instance.product2_reg_1_
            Time: 17250 PS


Warning!  Glitch suppression
           Scheduled event for delayed signal of net "D" at time 17252 PS was canceled!
            File: /home/linux/ieng6/ee260bwi25/public/PDKdata/verilog/tcbn65gplus.v, line = 6122
           Scope: mac_array_tb.DUT.genblk1_0__mac_col_inst.mac_8in_instance.product0_reg_1_
            Time: 17250 PS


Warning!  Timing violation
           $setuphold<hold>( posedge CP &&& xCN:19180 PS, negedge D:19180 PS,  0.01 : 10 PS,  0.01 : 10 PS );
            File: /home/linux/ieng6/ee260bwi25/public/PDKdata/verilog/tcbn65gplus.v, line = 6288
           Scope: mac_array_tb.DUT.genblk1_6__mac_col_inst.mac_8in_instance.product6_reg_0_
            Time: 19189 PS


Warning!  Timing violation
           $setuphold<hold>( posedge CP &&& xE:19190 PS, negedge D:19170 PS,  0.04 : 40 PS,  -0.01 : -10 PS );
            File: /home/linux/ieng6/ee260bwi25/public/PDKdata/verilog/tcbn65gplus.v, line = 9742
           Scope: mac_array_tb.DUT.genblk1_4__mac_col_inst.mac_8in_instance.psum_0_2_reg_0_
            Time: 19191 PS


Warning!  Timing violation
           $setuphold<hold>( posedge CP &&& xCN:19190 PS, negedge D:19190 PS,  0.01 : 10 PS,  0.01 : 10 PS );
            File: /home/linux/ieng6/ee260bwi25/public/PDKdata/verilog/tcbn65gplus.v, line = 6288
           Scope: mac_array_tb.DUT.genblk1_4__mac_col_inst.mac_8in_instance.product6_reg_0_
            Time: 19199 PS


Warning!  Glitch suppression
           Scheduled event for delayed signal of net "D" at time 19282 PS was canceled!
            File: /home/linux/ieng6/ee260bwi25/public/PDKdata/verilog/tcbn65gplus.v, line = 6122
           Scope: mac_array_tb.DUT.genblk1_5__mac_col_inst.mac_8in_instance.product0_reg_1_
            Time: 19280 PS


Warning!  Timing violation
           $setuphold<hold>( posedge CP &&& xCN:21180 PS, negedge D:21180 PS,  0.01 : 10 PS,  0.01 : 10 PS );
            File: /home/linux/ieng6/ee260bwi25/public/PDKdata/verilog/tcbn65gplus.v, line = 6288
           Scope: mac_array_tb.DUT.genblk1_7__mac_col_inst.mac_8in_instance.product2_reg_0_
            Time: 21189 PS


Warning!  Glitch suppression
           Scheduled event for delayed signal of net "D" at time 21252 PS was canceled!
            File: /home/linux/ieng6/ee260bwi25/public/PDKdata/verilog/tcbn65gplus.v, line = 6122
           Scope: mac_array_tb.DUT.genblk1_4__mac_col_inst.mac_8in_instance.product2_reg_1_
            Time: 21250 PS


Warning!  Glitch suppression
           Scheduled event for delayed signal of net "D" at time 21262 PS was canceled!
            File: /home/linux/ieng6/ee260bwi25/public/PDKdata/verilog/tcbn65gplus.v, line = 6122
           Scope: mac_array_tb.DUT.genblk1_4__mac_col_inst.mac_8in_instance.product6_reg_1_
            Time: 21260 PS


Warning!  Timing violation
           $setuphold<setup>( posedge CP &&& xE:23180 PS, posedge D:23160 PS,  0.03 : 30 PS,  -0.01 : -10 PS );
            File: /home/linux/ieng6/ee260bwi25/public/PDKdata/verilog/tcbn65gplus.v, line = 9744
           Scope: mac_array_tb.DUT.genblk1_5__mac_col_inst.key_q_reg_55_
            Time: 23180 PS


Warning!  Timing violation
           $setuphold<hold>( posedge CP &&& xCN:23180 PS, negedge D:23180 PS,  0.01 : 10 PS,  0.01 : 10 PS );
            File: /home/linux/ieng6/ee260bwi25/public/PDKdata/verilog/tcbn65gplus.v, line = 6288
           Scope: mac_array_tb.DUT.genblk1_6__mac_col_inst.mac_8in_instance.product6_reg_0_
            Time: 23189 PS


Warning!  Timing violation
           $setuphold<setup>( posedge CP &&& xE:25180 PS, negedge D:25160 PS,  0.03 : 30 PS,  -0.01 : -10 PS );
            File: /home/linux/ieng6/ee260bwi25/public/PDKdata/verilog/tcbn65gplus.v, line = 9742
           Scope: mac_array_tb.DUT.genblk1_5__mac_col_inst.key_q_reg_55_
            Time: 25180 PS


Warning!  Glitch suppression
           Scheduled event for delayed signal of net "D" at time 25262 PS was canceled!
            File: /home/linux/ieng6/ee260bwi25/public/PDKdata/verilog/tcbn65gplus.v, line = 6122
           Scope: mac_array_tb.DUT.genblk1_4__mac_col_inst.mac_8in_instance.product6_reg_1_
            Time: 25260 PS


Warning!  Timing violation
           $setuphold<hold>( posedge CP &&& xE:27190 PS, negedge D:27170 PS,  0.04 : 40 PS,  -0.01 : -10 PS );
            File: /home/linux/ieng6/ee260bwi25/public/PDKdata/verilog/tcbn65gplus.v, line = 9742
           Scope: mac_array_tb.DUT.genblk1_4__mac_col_inst.mac_8in_instance.psum_0_2_reg_0_
            Time: 27191 PS


Warning!  Glitch suppression
           Scheduled event for delayed signal of net "D" at time 27282 PS was canceled!
            File: /home/linux/ieng6/ee260bwi25/public/PDKdata/verilog/tcbn65gplus.v, line = 6122
           Scope: mac_array_tb.DUT.genblk1_5__mac_col_inst.mac_8in_instance.product0_reg_1_
            Time: 27280 PS


Warning!  Timing violation
           $setuphold<hold>( posedge CP &&& xCN:33180 PS, negedge D:33180 PS,  0.01 : 10 PS,  0.01 : 10 PS );
            File: /home/linux/ieng6/ee260bwi25/public/PDKdata/verilog/tcbn65gplus.v, line = 6288
           Scope: mac_array_tb.DUT.genblk1_7__mac_col_inst.mac_8in_instance.product2_reg_0_
            Time: 33189 PS


Warning!  Glitch suppression
           Scheduled event for delayed signal of net "D" at time 69252 PS was canceled!
            File: /home/linux/ieng6/ee260bwi25/public/PDKdata/verilog/tcbn65gplus.v, line = 6122
           Scope: mac_array_tb.DUT.genblk1_0__mac_col_inst.mac_8in_instance.product0_reg_1_
            Time: 69250 PS


Warning!  Timing violation
           $setuphold<hold>( posedge CP &&& xCN:79190 PS, negedge D:79190 PS,  0.01 : 10 PS,  0.01 : 10 PS );
            File: /home/linux/ieng6/ee260bwi25/public/PDKdata/verilog/tcbn65gplus.v, line = 6288
           Scope: mac_array_tb.DUT.genblk1_4__mac_col_inst.mac_8in_instance.product6_reg_0_
            Time: 79199 PS


Warning!  Glitch suppression
           Scheduled event for delayed signal of net "D" at time 79252 PS was canceled!
            File: /home/linux/ieng6/ee260bwi25/public/PDKdata/verilog/tcbn65gplus.v, line = 6122
           Scope: mac_array_tb.DUT.genblk1_4__mac_col_inst.mac_8in_instance.product2_reg_1_
            Time: 79250 PS


Warning!  Timing violation
           $setuphold<hold>( posedge CP &&& xCN:83180 PS, negedge D:83180 PS,  0.01 : 10 PS,  0.01 : 10 PS );
            File: /home/linux/ieng6/ee260bwi25/public/PDKdata/verilog/tcbn65gplus.v, line = 6288
           Scope: mac_array_tb.DUT.genblk1_6__mac_col_inst.mac_8in_instance.product6_reg_0_
            Time: 83189 PS


Warning!  Timing violation
           $setuphold<hold>( posedge CP &&& xCN:83180 PS, negedge D:83180 PS,  0.01 : 10 PS,  0.01 : 10 PS );
            File: /home/linux/ieng6/ee260bwi25/public/PDKdata/verilog/tcbn65gplus.v, line = 6288
           Scope: mac_array_tb.DUT.genblk1_7__mac_col_inst.mac_8in_instance.product2_reg_0_
            Time: 83189 PS


Warning!  Timing violation
           $setuphold<hold>( posedge CP &&& xE:83190 PS, negedge D:83170 PS,  0.04 : 40 PS,  -0.01 : -10 PS );
            File: /home/linux/ieng6/ee260bwi25/public/PDKdata/verilog/tcbn65gplus.v, line = 9742
           Scope: mac_array_tb.DUT.genblk1_4__mac_col_inst.mac_8in_instance.psum_0_2_reg_0_
            Time: 83191 PS


Warning!  Timing violation
           $setuphold<hold>( posedge CP &&& xCN:85190 PS, negedge D:85190 PS,  0.01 : 10 PS,  0.01 : 10 PS );
            File: /home/linux/ieng6/ee260bwi25/public/PDKdata/verilog/tcbn65gplus.v, line = 6288
           Scope: mac_array_tb.DUT.genblk1_4__mac_col_inst.mac_8in_instance.product6_reg_0_
            Time: 85199 PS


Warning!  Timing violation
           $setuphold<hold>( posedge CP &&& xE:87190 PS, negedge D:87170 PS,  0.04 : 40 PS,  -0.01 : -10 PS );
            File: /home/linux/ieng6/ee260bwi25/public/PDKdata/verilog/tcbn65gplus.v, line = 9742
           Scope: mac_array_tb.DUT.genblk1_4__mac_col_inst.mac_8in_instance.psum_0_2_reg_0_
            Time: 87191 PS


Warning!  Timing violation
           $setuphold<hold>( posedge CP &&& xCN:89180 PS, negedge D:89180 PS,  0.01 : 10 PS,  0.01 : 10 PS );
            File: /home/linux/ieng6/ee260bwi25/public/PDKdata/verilog/tcbn65gplus.v, line = 6288
           Scope: mac_array_tb.DUT.genblk1_6__mac_col_inst.mac_8in_instance.product6_reg_0_
            Time: 89189 PS


Warning!  Timing violation
           $setuphold<hold>( posedge CP &&& xCN:89190 PS, negedge D:89190 PS,  0.01 : 10 PS,  0.01 : 10 PS );
            File: /home/linux/ieng6/ee260bwi25/public/PDKdata/verilog/tcbn65gplus.v, line = 6288
           Scope: mac_array_tb.DUT.genblk1_4__mac_col_inst.mac_8in_instance.product6_reg_0_
            Time: 89199 PS


Warning!  Timing violation
           $setuphold<hold>( posedge CP &&& xE:91190 PS, negedge D:91170 PS,  0.04 : 40 PS,  -0.01 : -10 PS );
            File: /home/linux/ieng6/ee260bwi25/public/PDKdata/verilog/tcbn65gplus.v, line = 9742
           Scope: mac_array_tb.DUT.genblk1_4__mac_col_inst.mac_8in_instance.psum_0_2_reg_0_
            Time: 91191 PS


Warning!  Timing violation
           $setuphold<hold>( posedge CP &&& xCN:93180 PS, negedge D:93180 PS,  0.01 : 10 PS,  0.01 : 10 PS );
            File: /home/linux/ieng6/ee260bwi25/public/PDKdata/verilog/tcbn65gplus.v, line = 6288
           Scope: mac_array_tb.DUT.genblk1_6__mac_col_inst.mac_8in_instance.product6_reg_0_
            Time: 93189 PS

Finished.
Simulation complete via $finish(1) at time 125 NS + 0
./netlist/mac_array_tb.v:132       #1 $finish;
xcelium> probe -create -shm mac_array_tb.DUT.genblk1_0__mac_col_inst.q_in mac_array_tb.DUT.genblk1_0__mac_col_inst.key_q mac_array_tb.DUT.genblk1_0__mac_col_inst.i_inst mac_array_tb.DUT.genblk1_0__mac_col_inst.cnt_q
Created probe 2
xcelium> reset
Loaded snapshot worklib.mac_array_tb:v
xcelium> run
##### Q data txt reading #####
Q vector:           0

Data:          -5

Data:           7

Data:          -5

Data:          -7

Data:          -1

Data:           6

Data:           1

Data:           2

Q vector:           1

Data:          -4

Data:           7

Data:          -2

Data:          -5

Data:          -3

Data:           4

Data:           1

Data:          -3

Q vector:           2

Data:          -4

Data:          -1

Data:          -4

Data:          -4

Data:           0

Data:           5

Data:           2

Data:           0

Q vector:           3

Data:          -3

Data:           3

Data:           6

Data:          -4

Data:           6

Data:           2

Data:           1

Data:           6

Q vector:           4

Data:          -8

Data:           5

Data:          -2

Data:           6

Data:           2

Data:           1

Data:          -3

Data:           4

Q vector:           5

Data:          -2

Data:          -1

Data:          -2

Data:          -6

Data:          -1

Data:           4

Data:           0

Data:           2

Q vector:           6

Data:           5

Data:          -7

Data:          -1

Data:           3

Data:           2

Data:           1

Data:          -7

Data:           6

Q vector:           7

Data:           5

Data:          -8

Data:          -3

Data:           6

Data:           0

Data:          -2

Data:           6

Data:          -1

##### K data txt reading #####
K vector:           0

Data:          -6

Data:           3

Data:          -2

Data:          -1

Data:          -5

Data:           1

Data:           0

Data:           7

K vector:           1

Data:           0

Data:          -5

Data:          -8

Data:           0

Data:           6

Data:           0

Data:          -5

Data:          -7

K vector:           2

Data:           4

Data:          -7

Data:          -6

Data:           3

Data:           7

Data:           7

Data:           6

Data:           6

K vector:           3

Data:          -3

Data:           0

Data:           0

Data:          -7

Data:           6

Data:           3

Data:           4

Data:           7

K vector:           4

Data:           6

Data:          -3

Data:           4

Data:          -7

Data:          -4

Data:          -3

Data:          -2

Data:          -5

K vector:           5

Data:           0

Data:          -7

Data:           3

Data:           3

Data:          -2

Data:           6

Data:           4

Data:          -1

K vector:           6

Data:           7

Data:          -5

Data:           2

Data:           1

Data:           3

Data:           6

Data:           1

Data:          -5

K vector:           7

Data:           3

Data:          -1

Data:           6

Data:           3

Data:          -6

Data:          -2

Data:           1

Data:          -4

##### K data txt reading #####
K#:           0
Q#:           0
Predicted psum:          93
Q#:           1
Predicted psum:          52
Q#:           2
Predicted psum:          38
Q#:           3
Predicted psum:          33
Q#:           4
Predicted psum:          80
Q#:           5
Predicted psum:          42
Q#:           6
Predicted psum:         -19
Q#:           7
Predicted psum:         -63
K#:           1
Q#:           0
Predicted psum:         -20
Q#:           1
Predicted psum:         -21
Q#:           2
Predicted psum:          27
Q#:           3
Predicted psum:         -74
Q#:           4
Predicted psum:         -10
Q#:           5
Predicted psum:           1
Q#:           6
Predicted psum:          48
Q#:           7
Predicted psum:          41
K#:           2
Q#:           0
Predicted psum:          -7
Q#:           1
Predicted psum:         -73
Q#:           2
Predicted psum:          50
Q#:           3
Predicted psum:          17
Q#:           4
Predicted psum:         -10
Q#:           5
Predicted psum:          26
Q#:           6
Predicted psum:          99
Q#:           7
Predicted psum:         128
K#:           3
Q#:           0
Predicted psum:          94
Q#:           1
Predicted psum:          24
Q#:           2
Predicted psum:          63
Q#:           3
Predicted psum:         125
Q#:           4
Predicted psum:          13
Q#:           5
Predicted psum:          68
Q#:           6
Predicted psum:          -7
Q#:           7
Predicted psum:         -46
K#:           4
Q#:           0
Predicted psum:         -48
Q#:           1
Predicted psum:          -5
Q#:           2
Predicted psum:         -28
Q#:           3
Predicted psum:         -37
Q#:           4
Predicted psum:        -138
Q#:           5
Predicted psum:           7
Q#:           6
Predicted psum:          -1
Q#:           7
Predicted psum:          -1
K#:           5
Q#:           0
Predicted psum:         -45
Q#:           1
Predicted psum:         -33
Q#:           2
Predicted psum:          21
Q#:           3
Predicted psum:         -17
Q#:           4
Predicted psum:         -37
Q#:           5
Predicted psum:           7
Q#:           6
Predicted psum:          23
Q#:           7
Predicted psum:          78
K#:           6
Q#:           0
Predicted psum:         -63
Q#:           1
Predicted psum:         -41
Q#:           2
Predicted psum:          -3
Q#:           3
Predicted psum:         -27
Q#:           4
Predicted psum:         -90
Q#:           5
Predicted psum:          -8
Q#:           6
Predicted psum:          46
Q#:           7
Predicted psum:          74
K#:           7
Q#:           0
Predicted psum:         -86
Q#:           1
Predicted psum:         -23
Q#:           2
Predicted psum:         -55
Q#:           3
Predicted psum:         -51
Q#:           4
Predicted psum:         -56
Q#:           5
Predicted psum:         -45
Q#:           6
Predicted psum:         -20
Q#:           7
Predicted psum:          37

Warning!  Timing violation
           $setuphold<setup>( posedge CP &&& xE:3170 PS, posedge D:3150 PS,  0.03 : 30 PS,  -0.01 : -10 PS );
            File: /home/linux/ieng6/ee260bwi25/public/PDKdata/verilog/tcbn65gplus.v, line = 9744
           Scope: mac_array_tb.DUT.genblk1_6__mac_col_inst.mac_8in_instance.psum_0_0_reg_0_
            Time: 3170 PS


Warning!  Glitch suppression
           Scheduled event for delayed signal of net "D" at time 9252 PS was canceled!
            File: /home/linux/ieng6/ee260bwi25/public/PDKdata/verilog/tcbn65gplus.v, line = 6122
           Scope: mac_array_tb.DUT.genblk1_0__mac_col_inst.mac_8in_instance.product0_reg_1_
            Time: 9250 PS


Warning!  Timing violation
           $setuphold<hold>( posedge CP &&& xE:13160 PS, negedge D:13140 PS,  0.04 : 40 PS,  -0.01 : -10 PS );
            File: /home/linux/ieng6/ee260bwi25/public/PDKdata/verilog/tcbn65gplus.v, line = 9742
           Scope: mac_array_tb.DUT.genblk1_1__mac_col_inst.key_q_reg_15_
            Time: 13161 PS


Warning!  Timing violation
           $setuphold<hold>( posedge CP &&& xCN:15190 PS, negedge D:15190 PS,  0.01 : 10 PS,  0.01 : 10 PS );
            File: /home/linux/ieng6/ee260bwi25/public/PDKdata/verilog/tcbn65gplus.v, line = 6288
           Scope: mac_array_tb.DUT.genblk1_4__mac_col_inst.mac_8in_instance.product6_reg_0_
            Time: 15199 PS


Warning!  Glitch suppression
           Scheduled event for delayed signal of net "D" at time 17252 PS was canceled!
            File: /home/linux/ieng6/ee260bwi25/public/PDKdata/verilog/tcbn65gplus.v, line = 6122
           Scope: mac_array_tb.DUT.genblk1_4__mac_col_inst.mac_8in_instance.product2_reg_1_
            Time: 17250 PS


Warning!  Glitch suppression
           Scheduled event for delayed signal of net "D" at time 17252 PS was canceled!
            File: /home/linux/ieng6/ee260bwi25/public/PDKdata/verilog/tcbn65gplus.v, line = 6122
           Scope: mac_array_tb.DUT.genblk1_0__mac_col_inst.mac_8in_instance.product0_reg_1_
            Time: 17250 PS


Warning!  Timing violation
           $setuphold<hold>( posedge CP &&& xCN:19180 PS, negedge D:19180 PS,  0.01 : 10 PS,  0.01 : 10 PS );
            File: /home/linux/ieng6/ee260bwi25/public/PDKdata/verilog/tcbn65gplus.v, line = 6288
           Scope: mac_array_tb.DUT.genblk1_6__mac_col_inst.mac_8in_instance.product6_reg_0_
            Time: 19189 PS


Warning!  Timing violation
           $setuphold<hold>( posedge CP &&& xE:19190 PS, negedge D:19170 PS,  0.04 : 40 PS,  -0.01 : -10 PS );
            File: /home/linux/ieng6/ee260bwi25/public/PDKdata/verilog/tcbn65gplus.v, line = 9742
           Scope: mac_array_tb.DUT.genblk1_4__mac_col_inst.mac_8in_instance.psum_0_2_reg_0_
            Time: 19191 PS


Warning!  Timing violation
           $setuphold<hold>( posedge CP &&& xCN:19190 PS, negedge D:19190 PS,  0.01 : 10 PS,  0.01 : 10 PS );
            File: /home/linux/ieng6/ee260bwi25/public/PDKdata/verilog/tcbn65gplus.v, line = 6288
           Scope: mac_array_tb.DUT.genblk1_4__mac_col_inst.mac_8in_instance.product6_reg_0_
            Time: 19199 PS


Warning!  Glitch suppression
           Scheduled event for delayed signal of net "D" at time 19282 PS was canceled!
            File: /home/linux/ieng6/ee260bwi25/public/PDKdata/verilog/tcbn65gplus.v, line = 6122
           Scope: mac_array_tb.DUT.genblk1_5__mac_col_inst.mac_8in_instance.product0_reg_1_
            Time: 19280 PS


Warning!  Timing violation
           $setuphold<hold>( posedge CP &&& xCN:21180 PS, negedge D:21180 PS,  0.01 : 10 PS,  0.01 : 10 PS );
            File: /home/linux/ieng6/ee260bwi25/public/PDKdata/verilog/tcbn65gplus.v, line = 6288
           Scope: mac_array_tb.DUT.genblk1_7__mac_col_inst.mac_8in_instance.product2_reg_0_
            Time: 21189 PS


Warning!  Glitch suppression
           Scheduled event for delayed signal of net "D" at time 21252 PS was canceled!
            File: /home/linux/ieng6/ee260bwi25/public/PDKdata/verilog/tcbn65gplus.v, line = 6122
           Scope: mac_array_tb.DUT.genblk1_4__mac_col_inst.mac_8in_instance.product2_reg_1_
            Time: 21250 PS


Warning!  Glitch suppression
           Scheduled event for delayed signal of net "D" at time 21262 PS was canceled!
            File: /home/linux/ieng6/ee260bwi25/public/PDKdata/verilog/tcbn65gplus.v, line = 6122
           Scope: mac_array_tb.DUT.genblk1_4__mac_col_inst.mac_8in_instance.product6_reg_1_
            Time: 21260 PS


Warning!  Timing violation
           $setuphold<setup>( posedge CP &&& xE:23180 PS, posedge D:23160 PS,  0.03 : 30 PS,  -0.01 : -10 PS );
            File: /home/linux/ieng6/ee260bwi25/public/PDKdata/verilog/tcbn65gplus.v, line = 9744
           Scope: mac_array_tb.DUT.genblk1_5__mac_col_inst.key_q_reg_55_
            Time: 23180 PS


Warning!  Timing violation
           $setuphold<hold>( posedge CP &&& xCN:23180 PS, negedge D:23180 PS,  0.01 : 10 PS,  0.01 : 10 PS );
            File: /home/linux/ieng6/ee260bwi25/public/PDKdata/verilog/tcbn65gplus.v, line = 6288
           Scope: mac_array_tb.DUT.genblk1_6__mac_col_inst.mac_8in_instance.product6_reg_0_
            Time: 23189 PS


Warning!  Timing violation
           $setuphold<setup>( posedge CP &&& xE:25180 PS, negedge D:25160 PS,  0.03 : 30 PS,  -0.01 : -10 PS );
            File: /home/linux/ieng6/ee260bwi25/public/PDKdata/verilog/tcbn65gplus.v, line = 9742
           Scope: mac_array_tb.DUT.genblk1_5__mac_col_inst.key_q_reg_55_
            Time: 25180 PS


Warning!  Glitch suppression
           Scheduled event for delayed signal of net "D" at time 25262 PS was canceled!
            File: /home/linux/ieng6/ee260bwi25/public/PDKdata/verilog/tcbn65gplus.v, line = 6122
           Scope: mac_array_tb.DUT.genblk1_4__mac_col_inst.mac_8in_instance.product6_reg_1_
            Time: 25260 PS


Warning!  Timing violation
           $setuphold<hold>( posedge CP &&& xE:27190 PS, negedge D:27170 PS,  0.04 : 40 PS,  -0.01 : -10 PS );
            File: /home/linux/ieng6/ee260bwi25/public/PDKdata/verilog/tcbn65gplus.v, line = 9742
           Scope: mac_array_tb.DUT.genblk1_4__mac_col_inst.mac_8in_instance.psum_0_2_reg_0_
            Time: 27191 PS


Warning!  Glitch suppression
           Scheduled event for delayed signal of net "D" at time 27282 PS was canceled!
            File: /home/linux/ieng6/ee260bwi25/public/PDKdata/verilog/tcbn65gplus.v, line = 6122
           Scope: mac_array_tb.DUT.genblk1_5__mac_col_inst.mac_8in_instance.product0_reg_1_
            Time: 27280 PS


Warning!  Timing violation
           $setuphold<hold>( posedge CP &&& xCN:33180 PS, negedge D:33180 PS,  0.01 : 10 PS,  0.01 : 10 PS );
            File: /home/linux/ieng6/ee260bwi25/public/PDKdata/verilog/tcbn65gplus.v, line = 6288
           Scope: mac_array_tb.DUT.genblk1_7__mac_col_inst.mac_8in_instance.product2_reg_0_
            Time: 33189 PS


Warning!  Glitch suppression
           Scheduled event for delayed signal of net "D" at time 69252 PS was canceled!
            File: /home/linux/ieng6/ee260bwi25/public/PDKdata/verilog/tcbn65gplus.v, line = 6122
           Scope: mac_array_tb.DUT.genblk1_0__mac_col_inst.mac_8in_instance.product0_reg_1_
            Time: 69250 PS


Warning!  Timing violation
           $setuphold<hold>( posedge CP &&& xCN:79190 PS, negedge D:79190 PS,  0.01 : 10 PS,  0.01 : 10 PS );
            File: /home/linux/ieng6/ee260bwi25/public/PDKdata/verilog/tcbn65gplus.v, line = 6288
           Scope: mac_array_tb.DUT.genblk1_4__mac_col_inst.mac_8in_instance.product6_reg_0_
            Time: 79199 PS


Warning!  Glitch suppression
           Scheduled event for delayed signal of net "D" at time 79252 PS was canceled!
            File: /home/linux/ieng6/ee260bwi25/public/PDKdata/verilog/tcbn65gplus.v, line = 6122
           Scope: mac_array_tb.DUT.genblk1_4__mac_col_inst.mac_8in_instance.product2_reg_1_
            Time: 79250 PS


Warning!  Timing violation
           $setuphold<hold>( posedge CP &&& xCN:83180 PS, negedge D:83180 PS,  0.01 : 10 PS,  0.01 : 10 PS );
            File: /home/linux/ieng6/ee260bwi25/public/PDKdata/verilog/tcbn65gplus.v, line = 6288
           Scope: mac_array_tb.DUT.genblk1_6__mac_col_inst.mac_8in_instance.product6_reg_0_
            Time: 83189 PS


Warning!  Timing violation
           $setuphold<hold>( posedge CP &&& xCN:83180 PS, negedge D:83180 PS,  0.01 : 10 PS,  0.01 : 10 PS );
            File: /home/linux/ieng6/ee260bwi25/public/PDKdata/verilog/tcbn65gplus.v, line = 6288
           Scope: mac_array_tb.DUT.genblk1_7__mac_col_inst.mac_8in_instance.product2_reg_0_
            Time: 83189 PS


Warning!  Timing violation
           $setuphold<hold>( posedge CP &&& xE:83190 PS, negedge D:83170 PS,  0.04 : 40 PS,  -0.01 : -10 PS );
            File: /home/linux/ieng6/ee260bwi25/public/PDKdata/verilog/tcbn65gplus.v, line = 9742
           Scope: mac_array_tb.DUT.genblk1_4__mac_col_inst.mac_8in_instance.psum_0_2_reg_0_
            Time: 83191 PS


Warning!  Timing violation
           $setuphold<hold>( posedge CP &&& xCN:85190 PS, negedge D:85190 PS,  0.01 : 10 PS,  0.01 : 10 PS );
            File: /home/linux/ieng6/ee260bwi25/public/PDKdata/verilog/tcbn65gplus.v, line = 6288
           Scope: mac_array_tb.DUT.genblk1_4__mac_col_inst.mac_8in_instance.product6_reg_0_
            Time: 85199 PS


Warning!  Timing violation
           $setuphold<hold>( posedge CP &&& xE:87190 PS, negedge D:87170 PS,  0.04 : 40 PS,  -0.01 : -10 PS );
            File: /home/linux/ieng6/ee260bwi25/public/PDKdata/verilog/tcbn65gplus.v, line = 9742
           Scope: mac_array_tb.DUT.genblk1_4__mac_col_inst.mac_8in_instance.psum_0_2_reg_0_
            Time: 87191 PS


Warning!  Timing violation
           $setuphold<hold>( posedge CP &&& xCN:89180 PS, negedge D:89180 PS,  0.01 : 10 PS,  0.01 : 10 PS );
            File: /home/linux/ieng6/ee260bwi25/public/PDKdata/verilog/tcbn65gplus.v, line = 6288
           Scope: mac_array_tb.DUT.genblk1_6__mac_col_inst.mac_8in_instance.product6_reg_0_
            Time: 89189 PS


Warning!  Timing violation
           $setuphold<hold>( posedge CP &&& xCN:89190 PS, negedge D:89190 PS,  0.01 : 10 PS,  0.01 : 10 PS );
            File: /home/linux/ieng6/ee260bwi25/public/PDKdata/verilog/tcbn65gplus.v, line = 6288
           Scope: mac_array_tb.DUT.genblk1_4__mac_col_inst.mac_8in_instance.product6_reg_0_
            Time: 89199 PS


Warning!  Timing violation
           $setuphold<hold>( posedge CP &&& xE:91190 PS, negedge D:91170 PS,  0.04 : 40 PS,  -0.01 : -10 PS );
            File: /home/linux/ieng6/ee260bwi25/public/PDKdata/verilog/tcbn65gplus.v, line = 9742
           Scope: mac_array_tb.DUT.genblk1_4__mac_col_inst.mac_8in_instance.psum_0_2_reg_0_
            Time: 91191 PS


Warning!  Timing violation
           $setuphold<hold>( posedge CP &&& xCN:93180 PS, negedge D:93180 PS,  0.01 : 10 PS,  0.01 : 10 PS );
            File: /home/linux/ieng6/ee260bwi25/public/PDKdata/verilog/tcbn65gplus.v, line = 6288
           Scope: mac_array_tb.DUT.genblk1_6__mac_col_inst.mac_8in_instance.product6_reg_0_
            Time: 93189 PS

Finished.
Simulation complete via $finish(1) at time 125 NS + 0
./netlist/mac_array_tb.v:132       #1 $finish;
xcelium> ^C
xcelium> exit
xmsim: Memory Usage - Final: 109.5M, Peak: 120.0M, Peak virtual: 584.1M
xmsim: Main Thread CPU Usage - 3.3s system + 3.4s user = 6.7s total
xmsim: CPU Usage - 3.3s system + 3.1s user = 6.4s total (196.5s, 3.2% cpu)
TOOL:	xrun(64)	20.09-s017: Exiting on Mar 17, 2025 at 15:01:40 PDT  (total: 00:03:16)
