*----------------------------------------------------------------------------------------
*	Innovus 15.23-s045_1 (64bit) 04/22/2016 12:32 (Linux 2.6.18-194.el5)
*	
*
* 	Date & Time:	2025-Mar-10 12:07:16 (2025-Mar-10 19:07:16 GMT)
*
*----------------------------------------------------------------------------------------
*
*	Design: ofifo
*
*	Liberty Libraries used: 
*	        WC_VIEW: /home/linux/ieng6/ee260bwi25/public/PDKdata/lib/tcbn65gpluswc.lib
*
*	Power Domain used: 
*		Rail:        VDD 	Voltage:        0.9 
*
*       Power View : WC_VIEW
*
*       User-Defined Activity : N.A.
*
*       Activity File: N.A.
*
*       Hierarchical Global Activity: N.A.
*
*       Global Activity: N.A.
*
*       Sequential Element Activity: 0.200000
*
*       Primary Input Activity: 0.200000
*
*       Default icg ratio: N.A.
*
*       Global Comb ClockGate Ratio: N.A.
*
*	Power Units = 1mW
*
*	Time Units = 1e-09 secs 
*
*       report_power -outfile ofifo.post_route.power.rpt
*
-----------------------------------------------------------------------------------------


Total Power 
-----------------------------------------------------------------------------------------
Total Internal Power:       25.32676012 	   76.3291%
Total Switching Power:       7.37787206 	   22.2352%
Total Leakage Power:         0.47636754 	    1.4357%
Total Power:                33.18099971 
-----------------------------------------------------------------------------------------


Group                           Internal   Switching     Leakage       Total  Percentage 
                                Power      Power         Power         Power  (%)        
-----------------------------------------------------------------------------------------
Sequential                         21.35      0.6797      0.1606       22.19       66.88 
Macro                                  0           0      0.1575      0.1575      0.4746 
IO                                     0           0           0           0           0 
Combinational                      2.785       2.825      0.1504       5.761       17.36 
Clock (Combinational)              1.191       3.873    0.007816       5.072       15.29 
Clock (Sequential)                     0           0           0           0           0 
-----------------------------------------------------------------------------------------
Total                              25.33       7.378      0.4764       33.18         100 
-----------------------------------------------------------------------------------------


Rail                  Voltage   Internal   Switching     Leakage       Total  Percentage 
                                Power      Power         Power         Power  (%)        
-----------------------------------------------------------------------------------------
VDD                       0.9      25.33       7.378      0.4764       33.18         100 


Clock                           Internal   Switching     Leakage       Total  Percentage 
                                Power      Power         Power         Power  (%)        
-----------------------------------------------------------------------------------------
clk                                1.191       3.873    0.007816       5.072       15.29 
-----------------------------------------------------------------------------------------
Total (excluding duplicates)       1.191       3.873    0.007816       5.072       15.29 
-----------------------------------------------------------------------------------------


-----------------------------------------------------------------------------------------
*	Power Distribution Summary: 
* 		Highest Average Power:   CTS_ccl_BUF_clk_G0_L2_5 (CKBD16): 	    0.1544 
* 		Highest Leakage Power:       FE_OCPC502_out_112_ (BUFFD16): 	 0.0002499 
* 		Total Cap: 	4.99283e-11 F
* 		Total instances in design: 19798
* 		Total instances in design with no power:     0
*          Total instances in design with no activity:     0
* 		Total Fillers and Decap: 10976
-----------------------------------------------------------------------------------------

