xrun(64): 20.09-s017: (c) Copyright 1995-2021 Cadence Design Systems, Inc.
TOOL:	xrun(64)	20.09-s017: Started on Mar 19, 2025 at 20:22:47 PDT
xrun
	-define INITIALIZE_MEMORY
	-xminitialize 0
	+gui
	+access+rwc
	+xm64bit
	+xmstatus
	+xmtimescale+1ns/1ps
	+xmoveride_timescale
	-v ./netlist/mac_col.pnr.v
	-v /home/linux/ieng6/ee260bwi25/public/PDKdata/verilog/tcbn65gplus.v
	./netlist/mac_col_tb.v
	+xmseq_udp_delay+20ps

   User defined plus("+") options:
	+xmoveride_timescale

DEFINE analogLib $CDSHOME/tools/dfII/etc/cdslib/artist/analogLib
|
xrun: *W,DLCPTH (/home/linux/ieng6/oce/6d/h3le/cds.lib,5): cds.lib Invalid path '/software/ECE/IC-618/tools/dfII/bin/tools/dfII/etc/cdslib/artist/analogLib' (cds.lib command ignored).
DEFINE basic $CDSHOME/tools/dfII/etc/cdslib/basic
|
xrun: *W,DLCPTH (/home/linux/ieng6/oce/6d/h3le/cds.lib,6): cds.lib Invalid path '/software/ECE/IC-618/tools/dfII/bin/tools/dfII/etc/cdslib/basic' (cds.lib command ignored).
DEFINE US_8ths $CDSHOME/tools/dfII/etc/cdslib/sheets/US_8ths
|
xrun: *W,DLCPTH (/home/linux/ieng6/oce/6d/h3le/cds.lib,7): cds.lib Invalid path '/software/ECE/IC-618/tools/dfII/bin/tools/dfII/etc/cdslib/sheets/US_8ths' (cds.lib command ignored).
DEFINE sheets $CDSHOME/tools/dfII/etc/cdslib/sheets/US_8ths
|
xrun: *W,DLCPTH (/home/linux/ieng6/oce/6d/h3le/cds.lib,8): cds.lib Invalid path '/software/ECE/IC-618/tools/dfII/bin/tools/dfII/etc/cdslib/sheets/US_8ths' (cds.lib command ignored).
DEFINE cdsDefTechLib $CDSHOME/tools/dfII/etc/cdsDefTechLib
|
xrun: *W,DLCPTH (/home/linux/ieng6/oce/6d/h3le/cds.lib,9): cds.lib Invalid path '/software/ECE/IC-618/tools/dfII/bin/tools/dfII/etc/cdsDefTechLib' (cds.lib command ignored).
DEFINE ahdlLib $CDSHOME/tools/dfII/samples/artist
|
xrun: *W,DLCPTH (/home/linux/ieng6/oce/6d/h3le/cds.lib,10): cds.lib Invalid path '/software/ECE/IC-618/tools/dfII/bin/tools/dfII/samples/artist' (cds.lib command ignored).
ASSIGN gsclib045 COMBINE gsclib045 gsclib045_tech
|
xrun: *W,DLCOMB (/home/linux/ieng6/oce/6d/h3le/cds.lib,24): cds.lib COMBINE attribute library not defined 'gsclib045_tech' (cds.lib command ignored).
ASSIGN gsclib045_tech DISPLAY PDKlib
|
xrun: *W,DLCLIB (/home/linux/ieng6/oce/6d/h3le/cds.lib,26): cds.lib Library not defined 'gsclib045_tech' (cds.lib command ignored).
DEFINE sharedKen /home/linux/ieng6/ee283fa23/public/ee283fa23_hll/shared_buck_project
|
xrun: *W,DLCPTH (/home/linux/ieng6/oce/6d/h3le/cds.lib,36): cds.lib Invalid path '/home/linux/ieng6/ee283fa23/public/ee283fa23_hll/shared_buck_project' (cds.lib command ignored).
DEFINE analogLib $CDSHOME/tools/dfII/etc/cdslib/artist/analogLib
|
xrun: *W,DLCPTH (/home/linux/ieng6/oce/6d/h3le/cds.lib,5): cds.lib Invalid path '/software/ECE/IC-618/tools/dfII/bin/tools/dfII/etc/cdslib/artist/analogLib' (cds.lib command ignored).
DEFINE basic $CDSHOME/tools/dfII/etc/cdslib/basic
|
xrun: *W,DLCPTH (/home/linux/ieng6/oce/6d/h3le/cds.lib,6): cds.lib Invalid path '/software/ECE/IC-618/tools/dfII/bin/tools/dfII/etc/cdslib/basic' (cds.lib command ignored).
DEFINE US_8ths $CDSHOME/tools/dfII/etc/cdslib/sheets/US_8ths
|
xrun: *W,DLCPTH (/home/linux/ieng6/oce/6d/h3le/cds.lib,7): cds.lib Invalid path '/software/ECE/IC-618/tools/dfII/bin/tools/dfII/etc/cdslib/sheets/US_8ths' (cds.lib command ignored).
DEFINE sheets $CDSHOME/tools/dfII/etc/cdslib/sheets/US_8ths
|
xrun: *W,DLCPTH (/home/linux/ieng6/oce/6d/h3le/cds.lib,8): cds.lib Invalid path '/software/ECE/IC-618/tools/dfII/bin/tools/dfII/etc/cdslib/sheets/US_8ths' (cds.lib command ignored).
DEFINE cdsDefTechLib $CDSHOME/tools/dfII/etc/cdsDefTechLib
|
xrun: *W,DLCPTH (/home/linux/ieng6/oce/6d/h3le/cds.lib,9): cds.lib Invalid path '/software/ECE/IC-618/tools/dfII/bin/tools/dfII/etc/cdsDefTechLib' (cds.lib command ignored).
DEFINE ahdlLib $CDSHOME/tools/dfII/samples/artist
|
xrun: *W,DLCPTH (/home/linux/ieng6/oce/6d/h3le/cds.lib,10): cds.lib Invalid path '/software/ECE/IC-618/tools/dfII/bin/tools/dfII/samples/artist' (cds.lib command ignored).
ASSIGN gsclib045 COMBINE gsclib045 gsclib045_tech
|
xrun: *W,DLCOMB (/home/linux/ieng6/oce/6d/h3le/cds.lib,24): cds.lib COMBINE attribute library not defined 'gsclib045_tech' (cds.lib command ignored).
ASSIGN gsclib045_tech DISPLAY PDKlib
|
xrun: *W,DLCLIB (/home/linux/ieng6/oce/6d/h3le/cds.lib,26): cds.lib Library not defined 'gsclib045_tech' (cds.lib command ignored).
DEFINE sharedKen /home/linux/ieng6/ee283fa23/public/ee283fa23_hll/shared_buck_project
|
xrun: *W,DLCPTH (/home/linux/ieng6/oce/6d/h3le/cds.lib,36): cds.lib Invalid path '/home/linux/ieng6/ee283fa23/public/ee283fa23_hll/shared_buck_project' (cds.lib command ignored).
DEFINE analogLib $CDSHOME/tools/dfII/etc/cdslib/artist/analogLib
|
xrun: *W,DLCPTH (/home/linux/ieng6/oce/6d/h3le/cds.lib,5): cds.lib Invalid path '/software/ECE/IC-618/tools/dfII/bin/tools/dfII/etc/cdslib/artist/analogLib' (cds.lib command ignored).
DEFINE basic $CDSHOME/tools/dfII/etc/cdslib/basic
|
xrun: *W,DLCPTH (/home/linux/ieng6/oce/6d/h3le/cds.lib,6): cds.lib Invalid path '/software/ECE/IC-618/tools/dfII/bin/tools/dfII/etc/cdslib/basic' (cds.lib command ignored).
DEFINE US_8ths $CDSHOME/tools/dfII/etc/cdslib/sheets/US_8ths
|
xrun: *W,DLCPTH (/home/linux/ieng6/oce/6d/h3le/cds.lib,7): cds.lib Invalid path '/software/ECE/IC-618/tools/dfII/bin/tools/dfII/etc/cdslib/sheets/US_8ths' (cds.lib command ignored).
DEFINE sheets $CDSHOME/tools/dfII/etc/cdslib/sheets/US_8ths
|
xrun: *W,DLCPTH (/home/linux/ieng6/oce/6d/h3le/cds.lib,8): cds.lib Invalid path '/software/ECE/IC-618/tools/dfII/bin/tools/dfII/etc/cdslib/sheets/US_8ths' (cds.lib command ignored).
DEFINE cdsDefTechLib $CDSHOME/tools/dfII/etc/cdsDefTechLib
|
xrun: *W,DLCPTH (/home/linux/ieng6/oce/6d/h3le/cds.lib,9): cds.lib Invalid path '/software/ECE/IC-618/tools/dfII/bin/tools/dfII/etc/cdsDefTechLib' (cds.lib command ignored).
DEFINE ahdlLib $CDSHOME/tools/dfII/samples/artist
|
xrun: *W,DLCPTH (/home/linux/ieng6/oce/6d/h3le/cds.lib,10): cds.lib Invalid path '/software/ECE/IC-618/tools/dfII/bin/tools/dfII/samples/artist' (cds.lib command ignored).
ASSIGN gsclib045 COMBINE gsclib045 gsclib045_tech
|
xrun: *W,DLCOMB (/home/linux/ieng6/oce/6d/h3le/cds.lib,24): cds.lib COMBINE attribute library not defined 'gsclib045_tech' (cds.lib command ignored).
ASSIGN gsclib045_tech DISPLAY PDKlib
|
xrun: *W,DLCLIB (/home/linux/ieng6/oce/6d/h3le/cds.lib,26): cds.lib Library not defined 'gsclib045_tech' (cds.lib command ignored).
DEFINE sharedKen /home/linux/ieng6/ee283fa23/public/ee283fa23_hll/shared_buck_project
|
xrun: *W,DLCPTH (/home/linux/ieng6/oce/6d/h3le/cds.lib,36): cds.lib Invalid path '/home/linux/ieng6/ee283fa23/public/ee283fa23_hll/shared_buck_project' (cds.lib command ignored).
DEFINE analogLib $CDSHOME/tools/dfII/etc/cdslib/artist/analogLib
|
xrun: *W,DLCPTH (/home/linux/ieng6/oce/6d/h3le/cds.lib,5): cds.lib Invalid path '/software/ECE/IC-618/tools/dfII/bin/tools/dfII/etc/cdslib/artist/analogLib' (cds.lib command ignored).
DEFINE basic $CDSHOME/tools/dfII/etc/cdslib/basic
|
xrun: *W,DLCPTH (/home/linux/ieng6/oce/6d/h3le/cds.lib,6): cds.lib Invalid path '/software/ECE/IC-618/tools/dfII/bin/tools/dfII/etc/cdslib/basic' (cds.lib command ignored).
DEFINE US_8ths $CDSHOME/tools/dfII/etc/cdslib/sheets/US_8ths
|
xrun: *W,DLCPTH (/home/linux/ieng6/oce/6d/h3le/cds.lib,7): cds.lib Invalid path '/software/ECE/IC-618/tools/dfII/bin/tools/dfII/etc/cdslib/sheets/US_8ths' (cds.lib command ignored).
DEFINE sheets $CDSHOME/tools/dfII/etc/cdslib/sheets/US_8ths
|
xrun: *W,DLCPTH (/home/linux/ieng6/oce/6d/h3le/cds.lib,8): cds.lib Invalid path '/software/ECE/IC-618/tools/dfII/bin/tools/dfII/etc/cdslib/sheets/US_8ths' (cds.lib command ignored).
DEFINE cdsDefTechLib $CDSHOME/tools/dfII/etc/cdsDefTechLib
|
xrun: *W,DLCPTH (/home/linux/ieng6/oce/6d/h3le/cds.lib,9): cds.lib Invalid path '/software/ECE/IC-618/tools/dfII/bin/tools/dfII/etc/cdsDefTechLib' (cds.lib command ignored).
DEFINE ahdlLib $CDSHOME/tools/dfII/samples/artist
|
xrun: *W,DLCPTH (/home/linux/ieng6/oce/6d/h3le/cds.lib,10): cds.lib Invalid path '/software/ECE/IC-618/tools/dfII/bin/tools/dfII/samples/artist' (cds.lib command ignored).
ASSIGN gsclib045 COMBINE gsclib045 gsclib045_tech
|
xrun: *W,DLCOMB (/home/linux/ieng6/oce/6d/h3le/cds.lib,24): cds.lib COMBINE attribute library not defined 'gsclib045_tech' (cds.lib command ignored).
ASSIGN gsclib045_tech DISPLAY PDKlib
|
xrun: *W,DLCLIB (/home/linux/ieng6/oce/6d/h3le/cds.lib,26): cds.lib Library not defined 'gsclib045_tech' (cds.lib command ignored).
DEFINE sharedKen /home/linux/ieng6/ee283fa23/public/ee283fa23_hll/shared_buck_project
|
xrun: *W,DLCPTH (/home/linux/ieng6/oce/6d/h3le/cds.lib,36): cds.lib Invalid path '/home/linux/ieng6/ee283fa23/public/ee283fa23_hll/shared_buck_project' (cds.lib command ignored).
Recompiling... reason: file './netlist/mac_col.pnr.v' is newer than expected.
	expected: Wed Mar 19 20:15:53 2025
	actual:   Wed Mar 19 20:22:01 2025
DEFINE analogLib $CDSHOME/tools/dfII/etc/cdslib/artist/analogLib
|
xrun: *W,DLCPTH (/home/linux/ieng6/oce/6d/h3le/cds.lib,5): cds.lib Invalid path '/software/ECE/IC-618/tools/dfII/bin/tools/dfII/etc/cdslib/artist/analogLib' (cds.lib command ignored).
DEFINE basic $CDSHOME/tools/dfII/etc/cdslib/basic
|
xrun: *W,DLCPTH (/home/linux/ieng6/oce/6d/h3le/cds.lib,6): cds.lib Invalid path '/software/ECE/IC-618/tools/dfII/bin/tools/dfII/etc/cdslib/basic' (cds.lib command ignored).
DEFINE US_8ths $CDSHOME/tools/dfII/etc/cdslib/sheets/US_8ths
|
xrun: *W,DLCPTH (/home/linux/ieng6/oce/6d/h3le/cds.lib,7): cds.lib Invalid path '/software/ECE/IC-618/tools/dfII/bin/tools/dfII/etc/cdslib/sheets/US_8ths' (cds.lib command ignored).
DEFINE sheets $CDSHOME/tools/dfII/etc/cdslib/sheets/US_8ths
|
xrun: *W,DLCPTH (/home/linux/ieng6/oce/6d/h3le/cds.lib,8): cds.lib Invalid path '/software/ECE/IC-618/tools/dfII/bin/tools/dfII/etc/cdslib/sheets/US_8ths' (cds.lib command ignored).
DEFINE cdsDefTechLib $CDSHOME/tools/dfII/etc/cdsDefTechLib
|
xrun: *W,DLCPTH (/home/linux/ieng6/oce/6d/h3le/cds.lib,9): cds.lib Invalid path '/software/ECE/IC-618/tools/dfII/bin/tools/dfII/etc/cdsDefTechLib' (cds.lib command ignored).
DEFINE ahdlLib $CDSHOME/tools/dfII/samples/artist
|
xrun: *W,DLCPTH (/home/linux/ieng6/oce/6d/h3le/cds.lib,10): cds.lib Invalid path '/software/ECE/IC-618/tools/dfII/bin/tools/dfII/samples/artist' (cds.lib command ignored).
ASSIGN gsclib045 COMBINE gsclib045 gsclib045_tech
|
xrun: *W,DLCOMB (/home/linux/ieng6/oce/6d/h3le/cds.lib,24): cds.lib COMBINE attribute library not defined 'gsclib045_tech' (cds.lib command ignored).
ASSIGN gsclib045_tech DISPLAY PDKlib
|
xrun: *W,DLCLIB (/home/linux/ieng6/oce/6d/h3le/cds.lib,26): cds.lib Library not defined 'gsclib045_tech' (cds.lib command ignored).
DEFINE sharedKen /home/linux/ieng6/ee283fa23/public/ee283fa23_hll/shared_buck_project
|
xrun: *W,DLCPTH (/home/linux/ieng6/oce/6d/h3le/cds.lib,36): cds.lib Invalid path '/home/linux/ieng6/ee283fa23/public/ee283fa23_hll/shared_buck_project' (cds.lib command ignored).
DEFINE analogLib $CDSHOME/tools/dfII/etc/cdslib/artist/analogLib
|
xmvlog: *W,DLCPTH (/home/linux/ieng6/oce/6d/h3le/cds.lib,5): cds.lib Invalid path '/software/ECE/IC-618/tools/dfII/bin/tools/dfII/etc/cdslib/artist/analogLib' (cds.lib command ignored).
DEFINE basic $CDSHOME/tools/dfII/etc/cdslib/basic
|
xmvlog: *W,DLCPTH (/home/linux/ieng6/oce/6d/h3le/cds.lib,6): cds.lib Invalid path '/software/ECE/IC-618/tools/dfII/bin/tools/dfII/etc/cdslib/basic' (cds.lib command ignored).
DEFINE US_8ths $CDSHOME/tools/dfII/etc/cdslib/sheets/US_8ths
|
xmvlog: *W,DLCPTH (/home/linux/ieng6/oce/6d/h3le/cds.lib,7): cds.lib Invalid path '/software/ECE/IC-618/tools/dfII/bin/tools/dfII/etc/cdslib/sheets/US_8ths' (cds.lib command ignored).
DEFINE sheets $CDSHOME/tools/dfII/etc/cdslib/sheets/US_8ths
|
xmvlog: *W,DLCPTH (/home/linux/ieng6/oce/6d/h3le/cds.lib,8): cds.lib Invalid path '/software/ECE/IC-618/tools/dfII/bin/tools/dfII/etc/cdslib/sheets/US_8ths' (cds.lib command ignored).
DEFINE cdsDefTechLib $CDSHOME/tools/dfII/etc/cdsDefTechLib
|
xmvlog: *W,DLCPTH (/home/linux/ieng6/oce/6d/h3le/cds.lib,9): cds.lib Invalid path '/software/ECE/IC-618/tools/dfII/bin/tools/dfII/etc/cdsDefTechLib' (cds.lib command ignored).
DEFINE ahdlLib $CDSHOME/tools/dfII/samples/artist
|
xmvlog: *W,DLCPTH (/home/linux/ieng6/oce/6d/h3le/cds.lib,10): cds.lib Invalid path '/software/ECE/IC-618/tools/dfII/bin/tools/dfII/samples/artist' (cds.lib command ignored).
ASSIGN gsclib045 COMBINE gsclib045 gsclib045_tech
|
xmvlog: *W,DLCOMB (/home/linux/ieng6/oce/6d/h3le/cds.lib,24): cds.lib COMBINE attribute library not defined 'gsclib045_tech' (cds.lib command ignored).
ASSIGN gsclib045_tech DISPLAY PDKlib
|
xmvlog: *W,DLCLIB (/home/linux/ieng6/oce/6d/h3le/cds.lib,26): cds.lib Library not defined 'gsclib045_tech' (cds.lib command ignored).
DEFINE sharedKen /home/linux/ieng6/ee283fa23/public/ee283fa23_hll/shared_buck_project
|
xmvlog: *W,DLCPTH (/home/linux/ieng6/oce/6d/h3le/cds.lib,36): cds.lib Invalid path '/home/linux/ieng6/ee283fa23/public/ee283fa23_hll/shared_buck_project' (cds.lib command ignored).
file: ./netlist/mac_col_tb.v
	module worklib.mac_col_tb:v
		errors: 0, warnings: 0
file: ./netlist/mac_col.pnr.v
	module mac_col.mac_col:v
		errors: 0, warnings: 0
file: ./netlist/mac_col.pnr.v
	module mac_col.mac_8in_bw8_bw_psum22_pr8:v
		errors: 0, warnings: 0
file: /home/linux/ieng6/ee260bwi25/public/PDKdata/verilog/tcbn65gplus.v
	module tcbn65gplus.AOI22D1:v
		errors: 0, warnings: 0
	module tcbn65gplus.BUFFD4:v
		errors: 0, warnings: 0
	module tcbn65gplus.BUFFD6:v
		errors: 0, warnings: 0
	module tcbn65gplus.CKBD2:v
		errors: 0, warnings: 0
	module tcbn65gplus.INVD6:v
		errors: 0, warnings: 0
	module tcbn65gplus.OR3D2:v
		errors: 0, warnings: 0
	Total errors/warnings found outside modules and primitives:
		errors: 0, warnings: 9
xmvlog: Memory Usage - Current physical: 20.4M, Current virtual: 92.9M
xmvlog: CPU Usage - 0.0s system + 0.2s user = 0.2s total (0.3s, 70.4% cpu)
DEFINE analogLib $CDSHOME/tools/dfII/etc/cdslib/artist/analogLib
|
xrun: *W,DLCPTH (/home/linux/ieng6/oce/6d/h3le/cds.lib,5): cds.lib Invalid path '/software/ECE/IC-618/tools/dfII/bin/tools/dfII/etc/cdslib/artist/analogLib' (cds.lib command ignored).
DEFINE basic $CDSHOME/tools/dfII/etc/cdslib/basic
|
xrun: *W,DLCPTH (/home/linux/ieng6/oce/6d/h3le/cds.lib,6): cds.lib Invalid path '/software/ECE/IC-618/tools/dfII/bin/tools/dfII/etc/cdslib/basic' (cds.lib command ignored).
DEFINE US_8ths $CDSHOME/tools/dfII/etc/cdslib/sheets/US_8ths
|
xrun: *W,DLCPTH (/home/linux/ieng6/oce/6d/h3le/cds.lib,7): cds.lib Invalid path '/software/ECE/IC-618/tools/dfII/bin/tools/dfII/etc/cdslib/sheets/US_8ths' (cds.lib command ignored).
DEFINE sheets $CDSHOME/tools/dfII/etc/cdslib/sheets/US_8ths
|
xrun: *W,DLCPTH (/home/linux/ieng6/oce/6d/h3le/cds.lib,8): cds.lib Invalid path '/software/ECE/IC-618/tools/dfII/bin/tools/dfII/etc/cdslib/sheets/US_8ths' (cds.lib command ignored).
DEFINE cdsDefTechLib $CDSHOME/tools/dfII/etc/cdsDefTechLib
|
xrun: *W,DLCPTH (/home/linux/ieng6/oce/6d/h3le/cds.lib,9): cds.lib Invalid path '/software/ECE/IC-618/tools/dfII/bin/tools/dfII/etc/cdsDefTechLib' (cds.lib command ignored).
DEFINE ahdlLib $CDSHOME/tools/dfII/samples/artist
|
xrun: *W,DLCPTH (/home/linux/ieng6/oce/6d/h3le/cds.lib,10): cds.lib Invalid path '/software/ECE/IC-618/tools/dfII/bin/tools/dfII/samples/artist' (cds.lib command ignored).
ASSIGN gsclib045 COMBINE gsclib045 gsclib045_tech
|
xrun: *W,DLCOMB (/home/linux/ieng6/oce/6d/h3le/cds.lib,24): cds.lib COMBINE attribute library not defined 'gsclib045_tech' (cds.lib command ignored).
ASSIGN gsclib045_tech DISPLAY PDKlib
|
xrun: *W,DLCLIB (/home/linux/ieng6/oce/6d/h3le/cds.lib,26): cds.lib Library not defined 'gsclib045_tech' (cds.lib command ignored).
DEFINE sharedKen /home/linux/ieng6/ee283fa23/public/ee283fa23_hll/shared_buck_project
|
xrun: *W,DLCPTH (/home/linux/ieng6/oce/6d/h3le/cds.lib,36): cds.lib Invalid path '/home/linux/ieng6/ee283fa23/public/ee283fa23_hll/shared_buck_project' (cds.lib command ignored).
DEFINE analogLib $CDSHOME/tools/dfII/etc/cdslib/artist/analogLib
|
xrun: *W,DLCPTH (/home/linux/ieng6/oce/6d/h3le/cds.lib,5): cds.lib Invalid path '/software/ECE/IC-618/tools/dfII/bin/tools/dfII/etc/cdslib/artist/analogLib' (cds.lib command ignored).
DEFINE basic $CDSHOME/tools/dfII/etc/cdslib/basic
|
xrun: *W,DLCPTH (/home/linux/ieng6/oce/6d/h3le/cds.lib,6): cds.lib Invalid path '/software/ECE/IC-618/tools/dfII/bin/tools/dfII/etc/cdslib/basic' (cds.lib command ignored).
DEFINE US_8ths $CDSHOME/tools/dfII/etc/cdslib/sheets/US_8ths
|
xrun: *W,DLCPTH (/home/linux/ieng6/oce/6d/h3le/cds.lib,7): cds.lib Invalid path '/software/ECE/IC-618/tools/dfII/bin/tools/dfII/etc/cdslib/sheets/US_8ths' (cds.lib command ignored).
DEFINE sheets $CDSHOME/tools/dfII/etc/cdslib/sheets/US_8ths
|
xrun: *W,DLCPTH (/home/linux/ieng6/oce/6d/h3le/cds.lib,8): cds.lib Invalid path '/software/ECE/IC-618/tools/dfII/bin/tools/dfII/etc/cdslib/sheets/US_8ths' (cds.lib command ignored).
DEFINE cdsDefTechLib $CDSHOME/tools/dfII/etc/cdsDefTechLib
|
xrun: *W,DLCPTH (/home/linux/ieng6/oce/6d/h3le/cds.lib,9): cds.lib Invalid path '/software/ECE/IC-618/tools/dfII/bin/tools/dfII/etc/cdsDefTechLib' (cds.lib command ignored).
DEFINE ahdlLib $CDSHOME/tools/dfII/samples/artist
|
xrun: *W,DLCPTH (/home/linux/ieng6/oce/6d/h3le/cds.lib,10): cds.lib Invalid path '/software/ECE/IC-618/tools/dfII/bin/tools/dfII/samples/artist' (cds.lib command ignored).
ASSIGN gsclib045 COMBINE gsclib045 gsclib045_tech
|
xrun: *W,DLCOMB (/home/linux/ieng6/oce/6d/h3le/cds.lib,24): cds.lib COMBINE attribute library not defined 'gsclib045_tech' (cds.lib command ignored).
ASSIGN gsclib045_tech DISPLAY PDKlib
|
xrun: *W,DLCLIB (/home/linux/ieng6/oce/6d/h3le/cds.lib,26): cds.lib Library not defined 'gsclib045_tech' (cds.lib command ignored).
DEFINE sharedKen /home/linux/ieng6/ee283fa23/public/ee283fa23_hll/shared_buck_project
|
xrun: *W,DLCPTH (/home/linux/ieng6/oce/6d/h3le/cds.lib,36): cds.lib Invalid path '/home/linux/ieng6/ee283fa23/public/ee283fa23_hll/shared_buck_project' (cds.lib command ignored).
DEFINE analogLib $CDSHOME/tools/dfII/etc/cdslib/artist/analogLib
|
xmelab: *W,DLCPTH (/home/linux/ieng6/oce/6d/h3le/cds.lib,5): cds.lib Invalid path '/software/ECE/IC-618/tools/dfII/bin/tools/dfII/etc/cdslib/artist/analogLib' (cds.lib command ignored).
DEFINE basic $CDSHOME/tools/dfII/etc/cdslib/basic
|
xmelab: *W,DLCPTH (/home/linux/ieng6/oce/6d/h3le/cds.lib,6): cds.lib Invalid path '/software/ECE/IC-618/tools/dfII/bin/tools/dfII/etc/cdslib/basic' (cds.lib command ignored).
DEFINE US_8ths $CDSHOME/tools/dfII/etc/cdslib/sheets/US_8ths
|
xmelab: *W,DLCPTH (/home/linux/ieng6/oce/6d/h3le/cds.lib,7): cds.lib Invalid path '/software/ECE/IC-618/tools/dfII/bin/tools/dfII/etc/cdslib/sheets/US_8ths' (cds.lib command ignored).
DEFINE sheets $CDSHOME/tools/dfII/etc/cdslib/sheets/US_8ths
|
xmelab: *W,DLCPTH (/home/linux/ieng6/oce/6d/h3le/cds.lib,8): cds.lib Invalid path '/software/ECE/IC-618/tools/dfII/bin/tools/dfII/etc/cdslib/sheets/US_8ths' (cds.lib command ignored).
DEFINE cdsDefTechLib $CDSHOME/tools/dfII/etc/cdsDefTechLib
|
xmelab: *W,DLCPTH (/home/linux/ieng6/oce/6d/h3le/cds.lib,9): cds.lib Invalid path '/software/ECE/IC-618/tools/dfII/bin/tools/dfII/etc/cdsDefTechLib' (cds.lib command ignored).
DEFINE ahdlLib $CDSHOME/tools/dfII/samples/artist
|
xmelab: *W,DLCPTH (/home/linux/ieng6/oce/6d/h3le/cds.lib,10): cds.lib Invalid path '/software/ECE/IC-618/tools/dfII/bin/tools/dfII/samples/artist' (cds.lib command ignored).
ASSIGN gsclib045 COMBINE gsclib045 gsclib045_tech
|
xmelab: *W,DLCOMB (/home/linux/ieng6/oce/6d/h3le/cds.lib,24): cds.lib COMBINE attribute library not defined 'gsclib045_tech' (cds.lib command ignored).
ASSIGN gsclib045_tech DISPLAY PDKlib
|
xmelab: *W,DLCLIB (/home/linux/ieng6/oce/6d/h3le/cds.lib,26): cds.lib Library not defined 'gsclib045_tech' (cds.lib command ignored).
DEFINE sharedKen /home/linux/ieng6/ee283fa23/public/ee283fa23_hll/shared_buck_project
|
xmelab: *W,DLCPTH (/home/linux/ieng6/oce/6d/h3le/cds.lib,36): cds.lib Invalid path '/home/linux/ieng6/ee283fa23/public/ee283fa23_hll/shared_buck_project' (cds.lib command ignored).
xmelab: *N,INFSUD: -NOSPECIFY is automatically used with -SEQ_UDP_DELAY.
		Caching library 'worklib' ....... Done
		Caching library 'mac_col' ....... Done
		Caching library 'tcbn65gplus' ....... Done
	Elaborating the design hierarchy:
mac_col DUT (
          |
xmelab: *W,CUVWSP (./netlist/mac_col_tb.v,29|10): 2 output ports were not connected:
xmelab: (./netlist/mac_col.pnr.v,3420): q_out
xmelab: (./netlist/mac_col.pnr.v,3420): o_inst

  FICIND1 U2690 ( .CIN(n2507), .B(psum_1_0[21]), .A(psum_1_1[21]), .S(N264) );
              |
xmelab: *W,CUVWSP (./netlist/mac_col.pnr.v,3374|14): 1 output port was not connected:
xmelab: (/home/linux/ieng6/ee260bwi25/public/PDKdata/verilog/tcbn65gplus.v,10366): CO

	Top level design units:
		mac_col_tb
	Building instance overlay tables: .................... Done
	Generating native compiled code:
DEFINE analogLib $CDSHOME/tools/dfII/etc/cdslib/artist/analogLib
|
xmvlog_cg: *W,DLCPTH (/home/linux/ieng6/oce/6d/h3le/cds.lib,5): cds.lib Invalid path '/software/ECE/IC-618/tools/dfII/bin/tools/dfII/etc/cdslib/artist/analogLib' (cds.lib command ignored).
DEFINE basic $CDSHOME/tools/dfII/etc/cdslib/basic
|
xmvlog_cg: *W,DLCPTH (/home/linux/ieng6/oce/6d/h3le/cds.lib,6): cds.lib Invalid path '/software/ECE/IC-618/tools/dfII/bin/tools/dfII/etc/cdslib/basic' (cds.lib command ignored).
DEFINE US_8ths $CDSHOME/tools/dfII/etc/cdslib/sheets/US_8ths
|
xmvlog_cg: *W,DLCPTH (/home/linux/ieng6/oce/6d/h3le/cds.lib,7): cds.lib Invalid path '/software/ECE/IC-618/tools/dfII/bin/tools/dfII/etc/cdslib/sheets/US_8ths' (cds.lib command ignored).
DEFINE sheets $CDSHOME/tools/dfII/etc/cdslib/sheets/US_8ths
|
xmvlog_cg: *W,DLCPTH (/home/linux/ieng6/oce/6d/h3le/cds.lib,8): cds.lib Invalid path '/software/ECE/IC-618/tools/dfII/bin/tools/dfII/etc/cdslib/sheets/US_8ths' (cds.lib command ignored).
DEFINE cdsDefTechLib $CDSHOME/tools/dfII/etc/cdsDefTechLib
|
xmvlog_cg: *W,DLCPTH (/home/linux/ieng6/oce/6d/h3le/cds.lib,9): cds.lib Invalid path '/software/ECE/IC-618/tools/dfII/bin/tools/dfII/etc/cdsDefTechLib' (cds.lib command ignored).
DEFINE ahdlLib $CDSHOME/tools/dfII/samples/artist
|
xmvlog_cg: *W,DLCPTH (/home/linux/ieng6/oce/6d/h3le/cds.lib,10): cds.lib Invalid path '/software/ECE/IC-618/tools/dfII/bin/tools/dfII/samples/artist' (cds.lib command ignored).
ASSIGN gsclib045 COMBINE gsclib045 gsclib045_tech
|
xmvlog_cg: *W,DLCOMB (/home/linux/ieng6/oce/6d/h3le/cds.lib,24): cds.lib COMBINE attribute library not defined 'gsclib045_tech' (cds.lib command ignored).
ASSIGN gsclib045_tech DISPLAY PDKlib
|
xmvlog_cg: *W,DLCLIB (/home/linux/ieng6/oce/6d/h3le/cds.lib,26): cds.lib Library not defined 'gsclib045_tech' (cds.lib command ignored).
DEFINE sharedKen /home/linux/ieng6/ee283fa23/public/ee283fa23_hll/shared_buck_project
|
xmvlog_cg: *W,DLCPTH (/home/linux/ieng6/oce/6d/h3le/cds.lib,36): cds.lib Invalid path '/home/linux/ieng6/ee283fa23/public/ee283fa23_hll/shared_buck_project' (cds.lib command ignored).
		worklib.mac_col_tb:v <0x4e585212>
			streams:  11, words: 21049
		mac_col.mac_col:v <0x640b1b25>
			streams:   0, words:     0
		tcbn65gplus.FA1D2:v <0x6e21157d>
			streams:   0, words:     0
	Building instance specific data structures.
	Loading native compiled code:     .................... Done
	Design hierarchy summary:
		                  Instances  Unique
		Modules:               3278     100
		UDPs:                  1252       3
		Primitives:            5792       9
		Registers:              442      27
		Scalar wires:           859       -
		Expanded wires:          70       3
		Initial blocks:           6       6
		Pseudo assignments:       5       5
		Simulation timescale:   1ps
	Writing initial simulation snapshot: worklib.mac_col_tb:v
xmelab: Memory Usage - Final: 30.7M, Peak: 30.9M, Peak virtual: 162.0M
xmelab: CPU Usage - 0.1s system + 0.3s user = 0.4s total (0.6s, 73.2% cpu)
DEFINE analogLib $CDSHOME/tools/dfII/etc/cdslib/artist/analogLib
|
xmsim: *W,DLCPTH (/home/linux/ieng6/oce/6d/h3le/cds.lib,5): cds.lib Invalid path '/software/ECE/IC-618/tools/dfII/bin/tools/dfII/etc/cdslib/artist/analogLib' (cds.lib command ignored).
DEFINE basic $CDSHOME/tools/dfII/etc/cdslib/basic
|
xmsim: *W,DLCPTH (/home/linux/ieng6/oce/6d/h3le/cds.lib,6): cds.lib Invalid path '/software/ECE/IC-618/tools/dfII/bin/tools/dfII/etc/cdslib/basic' (cds.lib command ignored).
DEFINE US_8ths $CDSHOME/tools/dfII/etc/cdslib/sheets/US_8ths
|
xmsim: *W,DLCPTH (/home/linux/ieng6/oce/6d/h3le/cds.lib,7): cds.lib Invalid path '/software/ECE/IC-618/tools/dfII/bin/tools/dfII/etc/cdslib/sheets/US_8ths' (cds.lib command ignored).
DEFINE sheets $CDSHOME/tools/dfII/etc/cdslib/sheets/US_8ths
|
xmsim: *W,DLCPTH (/home/linux/ieng6/oce/6d/h3le/cds.lib,8): cds.lib Invalid path '/software/ECE/IC-618/tools/dfII/bin/tools/dfII/etc/cdslib/sheets/US_8ths' (cds.lib command ignored).
DEFINE cdsDefTechLib $CDSHOME/tools/dfII/etc/cdsDefTechLib
|
xmsim: *W,DLCPTH (/home/linux/ieng6/oce/6d/h3le/cds.lib,9): cds.lib Invalid path '/software/ECE/IC-618/tools/dfII/bin/tools/dfII/etc/cdsDefTechLib' (cds.lib command ignored).
DEFINE ahdlLib $CDSHOME/tools/dfII/samples/artist
|
xmsim: *W,DLCPTH (/home/linux/ieng6/oce/6d/h3le/cds.lib,10): cds.lib Invalid path '/software/ECE/IC-618/tools/dfII/bin/tools/dfII/samples/artist' (cds.lib command ignored).
ASSIGN gsclib045 COMBINE gsclib045 gsclib045_tech
|
xmsim: *W,DLCOMB (/home/linux/ieng6/oce/6d/h3le/cds.lib,24): cds.lib COMBINE attribute library not defined 'gsclib045_tech' (cds.lib command ignored).
ASSIGN gsclib045_tech DISPLAY PDKlib
|
xmsim: *W,DLCLIB (/home/linux/ieng6/oce/6d/h3le/cds.lib,26): cds.lib Library not defined 'gsclib045_tech' (cds.lib command ignored).
DEFINE sharedKen /home/linux/ieng6/ee283fa23/public/ee283fa23_hll/shared_buck_project
|
xmsim: *W,DLCPTH (/home/linux/ieng6/oce/6d/h3le/cds.lib,36): cds.lib Invalid path '/home/linux/ieng6/ee283fa23/public/ee283fa23_hll/shared_buck_project' (cds.lib command ignored).

-------------------------------------
Relinquished control to SimVision...
xcelium> 
xcelium> source /software/ECE/XCELIUM-2009/tools/xcelium/files/xmsimrc
xcelium> database -open waves -into waves.shm -default
Created default SHM database waves
xcelium> probe -create -shm mac_col_tb.DUT.cnt_q mac_col_tb.DUT.col_id mac_col_tb.DUT.fifo_wr mac_col_tb.DUT.i_inst mac_col_tb.DUT.key_q mac_col_tb.DUT.load_ready_q mac_col_tb.DUT.clk mac_col_tb.DUT.o_inst mac_col_tb.DUT.q_in mac_col_tb.DUT.q_out mac_col_tb.DUT.reset mac_col_tb.DUT.out
Created probe 1
xcelium> reset
Loaded snapshot worklib.mac_col_tb:v
xcelium> run
##### Q data txt reading #####
Q vector:           0

Data:          -5

Data:           7

Data:          -5

Data:          -7

Data:          -1

Data:           6

Data:           1

Data:           2

Q vector:           1

Data:          -4

Data:           7

Data:          -2

Data:          -5

Data:          -3

Data:           4

Data:           1

Data:          -3

Q vector:           2

Data:          -4

Data:          -1

Data:          -4

Data:          -4

Data:           0

Data:           5

Data:           2

Data:           0

Q vector:           3

Data:          -3

Data:           3

Data:           6

Data:          -4

Data:           6

Data:           2

Data:           1

Data:           6

Q vector:           4

Data:          -8

Data:           5

Data:          -2

Data:           6

Data:           2

Data:           1

Data:          -3

Data:           4

Q vector:           5

Data:          -2

Data:          -1

Data:          -2

Data:          -6

Data:          -1

Data:           4

Data:           0

Data:           2

Q vector:           6

Data:           5

Data:          -7

Data:          -1

Data:           3

Data:           2

Data:           1

Data:          -7

Data:           6

Q vector:           7

Data:           5

Data:          -8

Data:          -3

Data:           6

Data:           0

Data:          -2

Data:           6

Data:          -1

##### K data txt reading #####
K vector:           0

Data:          -6

Data:           3

Data:          -2

Data:          -1

Data:          -5

Data:           1

Data:           0

Data:           7

K vector:           1

Data:           0

Data:          -5

Data:          -8

Data:           0

Data:           6

Data:           0

Data:          -5

Data:          -7

K vector:           2

Data:           4

Data:          -7

Data:          -6

Data:           3

Data:           7

Data:           7

Data:           6

Data:           6

K vector:           3

Data:          -3

Data:           0

Data:           0

Data:          -7

Data:           6

Data:           3

Data:           4

Data:           7

K vector:           4

Data:           6

Data:          -3

Data:           4

Data:          -7

Data:          -4

Data:          -3

Data:          -2

Data:          -5

K vector:           5

Data:           0

Data:          -7

Data:           3

Data:           3

Data:          -2

Data:           6

Data:           4

Data:          -1

K vector:           6

Data:           7

Data:          -5

Data:           2

Data:           1

Data:           3

Data:           6

Data:           1

Data:          -5

K vector:           7

Data:           3

Data:          -1

Data:           6

Data:           3

Data:          -6

Data:          -2

Data:           1

Data:          -4

##### K data txt reading #####
K#:           0
Q#:           0
Predicted psum:          93
Q#:           1
Predicted psum:          52
Q#:           2
Predicted psum:          38
Q#:           3
Predicted psum:          33
Q#:           4
Predicted psum:          80
Q#:           5
Predicted psum:          42
Q#:           6
Predicted psum:         -19
Q#:           7
Predicted psum:         -63
K#:           1
Q#:           0
Predicted psum:         -20
Q#:           1
Predicted psum:         -21
Q#:           2
Predicted psum:          27
Q#:           3
Predicted psum:         -74
Q#:           4
Predicted psum:         -10
Q#:           5
Predicted psum:           1
Q#:           6
Predicted psum:          48
Q#:           7
Predicted psum:          41
K#:           2
Q#:           0
Predicted psum:          -7
Q#:           1
Predicted psum:         -73
Q#:           2
Predicted psum:          50
Q#:           3
Predicted psum:          17
Q#:           4
Predicted psum:         -10
Q#:           5
Predicted psum:          26
Q#:           6
Predicted psum:          99
Q#:           7
Predicted psum:         128
K#:           3
Q#:           0
Predicted psum:          94
Q#:           1
Predicted psum:          24
Q#:           2
Predicted psum:          63
Q#:           3
Predicted psum:         125
Q#:           4
Predicted psum:          13
Q#:           5
Predicted psum:          68
Q#:           6
Predicted psum:          -7
Q#:           7
Predicted psum:         -46
K#:           4
Q#:           0
Predicted psum:         -48
Q#:           1
Predicted psum:          -5
Q#:           2
Predicted psum:         -28
Q#:           3
Predicted psum:         -37
Q#:           4
Predicted psum:        -138
Q#:           5
Predicted psum:           7
Q#:           6
Predicted psum:          -1
Q#:           7
Predicted psum:          -1
K#:           5
Q#:           0
Predicted psum:         -45
Q#:           1
Predicted psum:         -33
Q#:           2
Predicted psum:          21
Q#:           3
Predicted psum:         -17
Q#:           4
Predicted psum:         -37
Q#:           5
Predicted psum:           7
Q#:           6
Predicted psum:          23
Q#:           7
Predicted psum:          78
K#:           6
Q#:           0
Predicted psum:         -63
Q#:           1
Predicted psum:         -41
Q#:           2
Predicted psum:          -3
Q#:           3
Predicted psum:         -27
Q#:           4
Predicted psum:         -90
Q#:           5
Predicted psum:          -8
Q#:           6
Predicted psum:          46
Q#:           7
Predicted psum:          74
K#:           7
Q#:           0
Predicted psum:         -86
Q#:           1
Predicted psum:         -23
Q#:           2
Predicted psum:         -55
Q#:           3
Predicted psum:         -51
Q#:           4
Predicted psum:         -56
Q#:           5
Predicted psum:         -45
Q#:           6
Predicted psum:         -20
Q#:           7
Predicted psum:          37
Finished.
Simulation complete via $finish(1) at time 125 NS + 0
./netlist/mac_col_tb.v:132       #1 $finish;
xcelium> ^C
xcelium> exit
xmsim: Memory Usage - Final: 42.5M, Peak: 49.5M, Peak virtual: 382.0M
xmsim: Main Thread CPU Usage - 8.9s system + 5.3s user = 14.2s total
xmsim: CPU Usage - 8.9s system + 5.0s user = 13.9s total (532.5s, 2.6% cpu)
TOOL:	xrun(64)	20.09-s017: Exiting on Mar 19, 2025 at 20:31:41 PDT  (total: 00:08:54)
