###############################################################
#  Generated by:      Cadence Innovus 15.23-s045_1
#  OS:                Linux x86_64(Host ID ieng6-ece-06.ucsd.edu)
#  Generated on:      Fri Mar 14 20:33:54 2025
#  Design:            core
#  Command:           report_timing -max_paths 5 > ${design}.post_route.timing.rpt
###############################################################
Path 1: VIOLATED Setup Check with Pin mac_array_instance/genblk1_5__mac_col_
inst/mac_8in_instance/product2_reg_13_/CP 
Endpoint:   mac_array_instance/genblk1_5__mac_col_inst/mac_8in_instance/
product2_reg_13_/D (^) checked with  leading edge of 'clk'
Beginpoint: mac_array_instance/genblk1_5__mac_col_inst/query_q_reg_21_/Q        
(v) triggered by  leading edge of 'clk'
Path Groups: {clk}
Analysis View: WC_VIEW
Other End Arrival Time          0.291
- Setup                         0.093
+ Phase Shift                   1.000
+ CPPR Adjustment               0.000
= Required Time                 1.198
- Arrival Time                  1.220
= Slack Time                   -0.022
     Clock Rise Edge                 0.000
     + Clock Network Latency (Prop)  0.289
     = Beginpoint Arrival Time       0.289
     +-----------------------------------------------------------------------------------------------------------+ 
     |                      Instance                      |     Arc      |   Cell   | Delay | Arrival | Required | 
     |                                                    |              |          |       |  Time   |   Time   | 
     |----------------------------------------------------+--------------+----------+-------+---------+----------| 
     | mac_array_instance/genblk1_5__mac_col_inst/query_q | CP ^         |          |       |   0.289 |    0.267 | 
     | _reg_21_                                           |              |          |       |         |          | 
     | mac_array_instance/genblk1_5__mac_col_inst/query_q | CP ^ -> Q v  | DFQD4    | 0.155 |   0.444 |    0.422 | 
     | _reg_21_                                           |              |          |       |         |          | 
     | mac_array_instance/genblk1_5__mac_col_inst/FE_OFC2 | I v -> Z v   | BUFFD16  | 0.054 |   0.498 |    0.476 | 
     | 779_q_temp_405_                                    |              |          |       |         |          | 
     | mac_array_instance/genblk1_5__mac_col_inst/mac_8in | A1 v -> ZN ^ | MOAI22D1 | 0.099 |   0.597 |    0.575 | 
     | _instance/FE_RC_3223_0                             |              |          |       |         |          | 
     | mac_array_instance/genblk1_5__mac_col_inst/mac_8in | B2 ^ -> ZN v | OAI22D2  | 0.076 |   0.673 |    0.651 | 
     | _instance/U1112                                    |              |          |       |         |          | 
     | mac_array_instance/genblk1_5__mac_col_inst/mac_8in | A v -> CO v  | FA1D1    | 0.155 |   0.829 |    0.806 | 
     | _instance/U177                                     |              |          |       |         |          | 
     | mac_array_instance/genblk1_5__mac_col_inst/mac_8in | CI v -> CO v | FA1D2    | 0.086 |   0.915 |    0.892 | 
     | _instance/U160                                     |              |          |       |         |          | 
     | mac_array_instance/genblk1_5__mac_col_inst/mac_8in | A1 v -> ZN ^ | NR2XD2   | 0.039 |   0.954 |    0.932 | 
     | _instance/U470                                     |              |          |       |         |          | 
     | mac_array_instance/genblk1_5__mac_col_inst/mac_8in | I ^ -> Z ^   | CKBD1    | 0.054 |   1.008 |    0.986 | 
     | _instance/FE_OCPC4598_n1657                        |              |          |       |         |          | 
     | mac_array_instance/genblk1_5__mac_col_inst/mac_8in | A2 ^ -> ZN v | OAI21D2  | 0.036 |   1.044 |    1.022 | 
     | _instance/FE_RC_5597_0                             |              |          |       |         |          | 
     | mac_array_instance/genblk1_5__mac_col_inst/mac_8in | I v -> ZN ^  | CKND2    | 0.028 |   1.072 |    1.049 | 
     | _instance/FE_RC_5598_0                             |              |          |       |         |          | 
     | mac_array_instance/genblk1_5__mac_col_inst/mac_8in | B ^ -> ZN v  | OAI21D4  | 0.036 |   1.108 |    1.085 | 
     | _instance/U1952                                    |              |          |       |         |          | 
     | mac_array_instance/genblk1_5__mac_col_inst/mac_8in | B v -> ZN ^  | AOI21D4  | 0.051 |   1.159 |    1.137 | 
     | _instance/FE_RC_380_0                              |              |          |       |         |          | 
     | mac_array_instance/genblk1_5__mac_col_inst/mac_8in | A1 ^ -> Z ^  | XOR2D1   | 0.062 |   1.220 |    1.198 | 
     | _instance/U1130                                    |              |          |       |         |          | 
     | mac_array_instance/genblk1_5__mac_col_inst/mac_8in | D ^          | DFKCNQD1 | 0.000 |   1.220 |    1.198 | 
     | _instance/product2_reg_13_                         |              |          |       |         |          | 
     +-----------------------------------------------------------------------------------------------------------+ 
Path 2: VIOLATED Setup Check with Pin mac_array_instance/genblk1_5__mac_col_
inst/mac_8in_instance/product3_reg_14_/CP 
Endpoint:   mac_array_instance/genblk1_5__mac_col_inst/mac_8in_instance/
product3_reg_14_/D (^) checked with  leading edge of 'clk'
Beginpoint: mac_array_instance/genblk1_5__mac_col_inst/query_q_reg_27_/Q        
(v) triggered by  leading edge of 'clk'
Path Groups: {clk}
Analysis View: WC_VIEW
Other End Arrival Time          0.342
- Setup                         0.112
+ Phase Shift                   1.000
+ CPPR Adjustment               0.000
= Required Time                 1.230
- Arrival Time                  1.245
= Slack Time                   -0.015
     Clock Rise Edge                 0.000
     + Clock Network Latency (Prop)  0.301
     = Beginpoint Arrival Time       0.301
     +-----------------------------------------------------------------------------------------------------------+ 
     |                      Instance                      |     Arc      |   Cell   | Delay | Arrival | Required | 
     |                                                    |              |          |       |  Time   |   Time   | 
     |----------------------------------------------------+--------------+----------+-------+---------+----------| 
     | mac_array_instance/genblk1_5__mac_col_inst/query_q | CP ^         |          |       |   0.301 |    0.287 | 
     | _reg_27_                                           |              |          |       |         |          | 
     | mac_array_instance/genblk1_5__mac_col_inst/query_q | CP ^ -> Q v  | DFQD4    | 0.194 |   0.495 |    0.480 | 
     | _reg_27_                                           |              |          |       |         |          | 
     | mac_array_instance/genblk1_5__mac_col_inst/mac_8in | A1 v -> ZN ^ | ND2D4    | 0.034 |   0.529 |    0.514 | 
     | _instance/FE_RC_5047_0                             |              |          |       |         |          | 
     | mac_array_instance/genblk1_5__mac_col_inst/mac_8in | B ^ -> ZN v  | OAI21D4  | 0.074 |   0.603 |    0.588 | 
     | _instance/FE_RC_5046_0                             |              |          |       |         |          | 
     | mac_array_instance/genblk1_5__mac_col_inst/mac_8in | B1 v -> ZN ^ | OAI22D4  | 0.068 |   0.671 |    0.656 | 
     | _instance/FE_RC_5257_0                             |              |          |       |         |          | 
     | mac_array_instance/genblk1_5__mac_col_inst/mac_8in | B ^ -> CO ^  | FA1D4    | 0.144 |   0.814 |    0.800 | 
     | _instance/U1666                                    |              |          |       |         |          | 
     | mac_array_instance/genblk1_5__mac_col_inst/mac_8in | A2 ^ -> Z v  | XOR3D2   | 0.176 |   0.991 |    0.976 | 
     | _instance/U1096                                    |              |          |       |         |          | 
     | mac_array_instance/genblk1_5__mac_col_inst/mac_8in | A1 v -> ZN ^ | NR2XD1   | 0.045 |   1.036 |    1.021 | 
     | _instance/U1668_dup                                |              |          |       |         |          | 
     | mac_array_instance/genblk1_5__mac_col_inst/mac_8in | A1 ^ -> ZN v | NR2XD2   | 0.036 |   1.072 |    1.057 | 
     | _instance/U11                                      |              |          |       |         |          | 
     | mac_array_instance/genblk1_5__mac_col_inst/mac_8in | A1 v -> ZN ^ | CKND2D3  | 0.029 |   1.101 |    1.086 | 
     | _instance/U139                                     |              |          |       |         |          | 
     | mac_array_instance/genblk1_5__mac_col_inst/mac_8in | A1 ^ -> ZN ^ | IND2D4   | 0.043 |   1.144 |    1.129 | 
     | _instance/FE_RC_5266_0                             |              |          |       |         |          | 
     | mac_array_instance/genblk1_5__mac_col_inst/mac_8in | A1 ^ -> ZN v | ND2D4    | 0.031 |   1.175 |    1.160 | 
     | _instance/FE_RC_5265_0                             |              |          |       |         |          | 
     | mac_array_instance/genblk1_5__mac_col_inst/mac_8in | A1 v -> Z ^  | XOR2D4   | 0.070 |   1.245 |    1.230 | 
     | _instance/U3                                       |              |          |       |         |          | 
     | mac_array_instance/genblk1_5__mac_col_inst/mac_8in | D ^          | DFKCNQD1 | 0.000 |   1.245 |    1.230 | 
     | _instance/product3_reg_14_                         |              |          |       |         |          | 
     +-----------------------------------------------------------------------------------------------------------+ 
Path 3: VIOLATED Setup Check with Pin mac_array_instance/genblk1_5__mac_col_
inst/mac_8in_instance/product3_reg_12_/CP 
Endpoint:   mac_array_instance/genblk1_5__mac_col_inst/mac_8in_instance/
product3_reg_12_/D (^) checked with  leading edge of 'clk'
Beginpoint: mac_array_instance/genblk1_5__mac_col_inst/query_q_reg_27_/Q        
(v) triggered by  leading edge of 'clk'
Path Groups: {clk}
Analysis View: WC_VIEW
Other End Arrival Time          0.346
- Setup                         0.112
+ Phase Shift                   1.000
+ CPPR Adjustment               0.000
= Required Time                 1.234
- Arrival Time                  1.246
= Slack Time                   -0.012
     Clock Rise Edge                 0.000
     + Clock Network Latency (Prop)  0.301
     = Beginpoint Arrival Time       0.301
     +-----------------------------------------------------------------------------------------------------------+ 
     |                      Instance                      |     Arc      |   Cell   | Delay | Arrival | Required | 
     |                                                    |              |          |       |  Time   |   Time   | 
     |----------------------------------------------------+--------------+----------+-------+---------+----------| 
     | mac_array_instance/genblk1_5__mac_col_inst/query_q | CP ^         |          |       |   0.301 |    0.289 | 
     | _reg_27_                                           |              |          |       |         |          | 
     | mac_array_instance/genblk1_5__mac_col_inst/query_q | CP ^ -> Q v  | DFQD4    | 0.194 |   0.495 |    0.483 | 
     | _reg_27_                                           |              |          |       |         |          | 
     | mac_array_instance/genblk1_5__mac_col_inst/mac_8in | A1 v -> ZN ^ | ND2D4    | 0.034 |   0.529 |    0.517 | 
     | _instance/FE_RC_5047_0                             |              |          |       |         |          | 
     | mac_array_instance/genblk1_5__mac_col_inst/mac_8in | B ^ -> ZN v  | OAI21D4  | 0.074 |   0.603 |    0.591 | 
     | _instance/FE_RC_5046_0                             |              |          |       |         |          | 
     | mac_array_instance/genblk1_5__mac_col_inst/mac_8in | B1 v -> ZN ^ | OAI22D4  | 0.068 |   0.671 |    0.659 | 
     | _instance/FE_RC_5257_0                             |              |          |       |         |          | 
     | mac_array_instance/genblk1_5__mac_col_inst/mac_8in | B ^ -> CO ^  | FA1D4    | 0.144 |   0.814 |    0.803 | 
     | _instance/U1666                                    |              |          |       |         |          | 
     | mac_array_instance/genblk1_5__mac_col_inst/mac_8in | A2 ^ -> Z v  | XOR3D2   | 0.176 |   0.991 |    0.979 | 
     | _instance/U1096                                    |              |          |       |         |          | 
     | mac_array_instance/genblk1_5__mac_col_inst/mac_8in | A1 v -> ZN ^ | NR2XD1   | 0.045 |   1.036 |    1.024 | 
     | _instance/U1668_dup                                |              |          |       |         |          | 
     | mac_array_instance/genblk1_5__mac_col_inst/mac_8in | A1 ^ -> ZN v | NR2XD2   | 0.036 |   1.072 |    1.060 | 
     | _instance/U11                                      |              |          |       |         |          | 
     | mac_array_instance/genblk1_5__mac_col_inst/mac_8in | I v -> ZN ^  | INVD3    | 0.032 |   1.104 |    1.092 | 
     | _instance/U1669                                    |              |          |       |         |          | 
     | mac_array_instance/genblk1_5__mac_col_inst/mac_8in | A1 ^ -> ZN v | NR2D2    | 0.020 |   1.124 |    1.112 | 
     | _instance/U1670                                    |              |          |       |         |          | 
     | mac_array_instance/genblk1_5__mac_col_inst/mac_8in | A2 v -> ZN ^ | AOI21D2  | 0.044 |   1.168 |    1.156 | 
     | _instance/FE_RC_457_0                              |              |          |       |         |          | 
     | mac_array_instance/genblk1_5__mac_col_inst/mac_8in | A1 ^ -> Z ^  | XOR2D2   | 0.078 |   1.246 |    1.234 | 
     | _instance/U945                                     |              |          |       |         |          | 
     | mac_array_instance/genblk1_5__mac_col_inst/mac_8in | D ^          | DFKCNQD1 | 0.000 |   1.246 |    1.234 | 
     | _instance/product3_reg_12_                         |              |          |       |         |          | 
     +-----------------------------------------------------------------------------------------------------------+ 
Path 4: VIOLATED Setup Check with Pin mac_array_instance/genblk1_5__mac_col_
inst/mac_8in_instance/product2_reg_15_/CP 
Endpoint:   mac_array_instance/genblk1_5__mac_col_inst/mac_8in_instance/
product2_reg_15_/D (^) checked with  leading edge of 'clk'
Beginpoint: mac_array_instance/genblk1_5__mac_col_inst/query_q_reg_21_/Q        
(v) triggered by  leading edge of 'clk'
Path Groups: {clk}
Analysis View: WC_VIEW
Other End Arrival Time          0.291
- Setup                         0.095
+ Phase Shift                   1.000
+ CPPR Adjustment               0.000
= Required Time                 1.196
- Arrival Time                  1.207
= Slack Time                   -0.012
     Clock Rise Edge                 0.000
     + Clock Network Latency (Prop)  0.289
     = Beginpoint Arrival Time       0.289
     +-----------------------------------------------------------------------------------------------------------+ 
     |                      Instance                      |     Arc      |   Cell   | Delay | Arrival | Required | 
     |                                                    |              |          |       |  Time   |   Time   | 
     |----------------------------------------------------+--------------+----------+-------+---------+----------| 
     | mac_array_instance/genblk1_5__mac_col_inst/query_q | CP ^         |          |       |   0.289 |    0.277 | 
     | _reg_21_                                           |              |          |       |         |          | 
     | mac_array_instance/genblk1_5__mac_col_inst/query_q | CP ^ -> Q v  | DFQD4    | 0.155 |   0.444 |    0.432 | 
     | _reg_21_                                           |              |          |       |         |          | 
     | mac_array_instance/genblk1_5__mac_col_inst/FE_OFC2 | I v -> Z v   | BUFFD16  | 0.054 |   0.498 |    0.487 | 
     | 779_q_temp_405_                                    |              |          |       |         |          | 
     | mac_array_instance/genblk1_5__mac_col_inst/mac_8in | A1 v -> ZN ^ | MOAI22D1 | 0.099 |   0.597 |    0.586 | 
     | _instance/FE_RC_3223_0                             |              |          |       |         |          | 
     | mac_array_instance/genblk1_5__mac_col_inst/mac_8in | B2 ^ -> ZN v | OAI22D2  | 0.076 |   0.673 |    0.662 | 
     | _instance/U1112                                    |              |          |       |         |          | 
     | mac_array_instance/genblk1_5__mac_col_inst/mac_8in | A v -> CO v  | FA1D1    | 0.155 |   0.829 |    0.817 | 
     | _instance/U177                                     |              |          |       |         |          | 
     | mac_array_instance/genblk1_5__mac_col_inst/mac_8in | CI v -> CO v | FA1D2    | 0.086 |   0.915 |    0.903 | 
     | _instance/U160                                     |              |          |       |         |          | 
     | mac_array_instance/genblk1_5__mac_col_inst/mac_8in | A1 v -> ZN ^ | NR2XD2   | 0.039 |   0.954 |    0.942 | 
     | _instance/U470                                     |              |          |       |         |          | 
     | mac_array_instance/genblk1_5__mac_col_inst/mac_8in | I ^ -> ZN v  | INVD3    | 0.027 |   0.981 |    0.969 | 
     | _instance/U1795                                    |              |          |       |         |          | 
     | mac_array_instance/genblk1_5__mac_col_inst/mac_8in | A1 v -> ZN ^ | ND2D2    | 0.031 |   1.012 |    1.000 | 
     | _instance/U1977_dup                                |              |          |       |         |          | 
     | mac_array_instance/genblk1_5__mac_col_inst/mac_8in | A1 ^ -> ZN v | OAI21D2  | 0.034 |   1.045 |    1.034 | 
     | _instance/FE_RC_5673_0                             |              |          |       |         |          | 
     | mac_array_instance/genblk1_5__mac_col_inst/mac_8in | B v -> ZN ^  | AOI21D2  | 0.068 |   1.113 |    1.102 | 
     | _instance/U1979                                    |              |          |       |         |          | 
     | mac_array_instance/genblk1_5__mac_col_inst/mac_8in | B ^ -> ZN v  | OAI21D4  | 0.058 |   1.172 |    1.160 | 
     | _instance/FE_RC_5406_0                             |              |          |       |         |          | 
     | mac_array_instance/genblk1_5__mac_col_inst/mac_8in | A1 v -> ZN ^ | AOI21D4  | 0.036 |   1.207 |    1.196 | 
     | _instance/U898                                     |              |          |       |         |          | 
     | mac_array_instance/genblk1_5__mac_col_inst/mac_8in | D ^          | DFKCNQD1 | 0.000 |   1.207 |    1.196 | 
     | _instance/product2_reg_15_                         |              |          |       |         |          | 
     +-----------------------------------------------------------------------------------------------------------+ 
Path 5: VIOLATED Setup Check with Pin mac_array_instance/genblk1_5__mac_col_
inst/mac_8in_instance/product3_reg_13_/CP 
Endpoint:   mac_array_instance/genblk1_5__mac_col_inst/mac_8in_instance/
product3_reg_13_/D (^) checked with  leading edge of 'clk'
Beginpoint: mac_array_instance/genblk1_5__mac_col_inst/query_q_reg_27_/Q        
(v) triggered by  leading edge of 'clk'
Path Groups: {clk}
Analysis View: WC_VIEW
Other End Arrival Time          0.347
- Setup                         0.110
+ Phase Shift                   1.000
+ CPPR Adjustment               0.000
= Required Time                 1.236
- Arrival Time                  1.242
= Slack Time                   -0.006
     Clock Rise Edge                 0.000
     + Clock Network Latency (Prop)  0.301
     = Beginpoint Arrival Time       0.301
     +-----------------------------------------------------------------------------------------------------------+ 
     |                      Instance                      |     Arc      |   Cell   | Delay | Arrival | Required | 
     |                                                    |              |          |       |  Time   |   Time   | 
     |----------------------------------------------------+--------------+----------+-------+---------+----------| 
     | mac_array_instance/genblk1_5__mac_col_inst/query_q | CP ^         |          |       |   0.301 |    0.295 | 
     | _reg_27_                                           |              |          |       |         |          | 
     | mac_array_instance/genblk1_5__mac_col_inst/query_q | CP ^ -> Q v  | DFQD4    | 0.194 |   0.495 |    0.489 | 
     | _reg_27_                                           |              |          |       |         |          | 
     | mac_array_instance/genblk1_5__mac_col_inst/mac_8in | A1 v -> ZN ^ | ND2D4    | 0.034 |   0.529 |    0.523 | 
     | _instance/FE_RC_5047_0                             |              |          |       |         |          | 
     | mac_array_instance/genblk1_5__mac_col_inst/mac_8in | B ^ -> ZN v  | OAI21D4  | 0.074 |   0.603 |    0.597 | 
     | _instance/FE_RC_5046_0                             |              |          |       |         |          | 
     | mac_array_instance/genblk1_5__mac_col_inst/mac_8in | B1 v -> ZN ^ | OAI22D4  | 0.068 |   0.671 |    0.665 | 
     | _instance/FE_RC_5257_0                             |              |          |       |         |          | 
     | mac_array_instance/genblk1_5__mac_col_inst/mac_8in | B ^ -> CO ^  | FA1D4    | 0.144 |   0.814 |    0.809 | 
     | _instance/U1666                                    |              |          |       |         |          | 
     | mac_array_instance/genblk1_5__mac_col_inst/mac_8in | A2 ^ -> Z v  | XOR3D2   | 0.176 |   0.991 |    0.985 | 
     | _instance/U1096                                    |              |          |       |         |          | 
     | mac_array_instance/genblk1_5__mac_col_inst/mac_8in | A1 v -> ZN ^ | NR2XD1   | 0.045 |   1.036 |    1.030 | 
     | _instance/U1668_dup                                |              |          |       |         |          | 
     | mac_array_instance/genblk1_5__mac_col_inst/mac_8in | A1 ^ -> ZN v | NR2XD2   | 0.036 |   1.072 |    1.066 | 
     | _instance/U11                                      |              |          |       |         |          | 
     | mac_array_instance/genblk1_5__mac_col_inst/mac_8in | I v -> ZN ^  | INVD3    | 0.032 |   1.104 |    1.098 | 
     | _instance/U1669                                    |              |          |       |         |          | 
     | mac_array_instance/genblk1_5__mac_col_inst/mac_8in | A1 ^ -> ZN v | NR2D2    | 0.022 |   1.125 |    1.119 | 
     | _instance/U1677                                    |              |          |       |         |          | 
     | mac_array_instance/genblk1_5__mac_col_inst/mac_8in | A2 v -> ZN ^ | AOI21D2  | 0.042 |   1.167 |    1.161 | 
     | _instance/FE_RC_51_0                               |              |          |       |         |          | 
     | mac_array_instance/genblk1_5__mac_col_inst/mac_8in | A1 ^ -> Z ^  | CKXOR2D2 | 0.075 |   1.242 |    1.236 | 
     | _instance/U1683                                    |              |          |       |         |          | 
     | mac_array_instance/genblk1_5__mac_col_inst/mac_8in | D ^          | DFKCNQD1 | 0.000 |   1.242 |    1.236 | 
     | _instance/product3_reg_13_                         |              |          |       |         |          | 
     +-----------------------------------------------------------------------------------------------------------+ 

