*----------------------------------------------------------------------------------------
*	Innovus 15.23-s045_1 (64bit) 04/22/2016 12:32 (Linux 2.6.18-194.el5)
*	
*
* 	Date & Time:	2025-Mar-14 20:34:24 (2025-Mar-15 03:34:24 GMT)
*
*----------------------------------------------------------------------------------------
*
*	Design: core
*
*	Liberty Libraries used: 
*	        WC_VIEW: /home/linux/ieng6/ee260bwi25/h3le/ECE-260B-WI25-Virtuosos/core/pnr/route.enc.dat/libs/mmmc/tcbn65gpluswc.lib
*
*	Power Domain used: 
*		Rail:        VDD 	Voltage:        0.9 
*
*       Power View : WC_VIEW
*
*       User-Defined Activity : N.A.
*
*       Activity File: N.A.
*
*       Hierarchical Global Activity: N.A.
*
*       Global Activity: N.A.
*
*       Sequential Element Activity: 0.200000
*
*       Primary Input Activity: 0.200000
*
*       Default icg ratio: N.A.
*
*       Global Comb ClockGate Ratio: N.A.
*
*	Power Units = 1mW
*
*	Time Units = 1e-09 secs 
*
*       report_power -outfile core.post_route.power.rpt
*
-----------------------------------------------------------------------------------------


Total Power 
-----------------------------------------------------------------------------------------
Total Internal Power:      118.32000399 	   71.6726%
Total Switching Power:      44.19414710 	   26.7707%
Total Leakage Power:         2.56989109 	    1.5567%
Total Power:               165.08404232 
-----------------------------------------------------------------------------------------


Group                           Internal   Switching     Leakage       Total  Percentage 
                                Power      Power         Power         Power  (%)        
-----------------------------------------------------------------------------------------
Sequential                         88.07       4.414      0.6474       93.13       56.42 
Macro                                  0           0       1.028       1.028      0.6225 
IO                                     0           0           0           0           0 
Combinational                      23.96        23.5       0.853       48.31       29.26 
Clock (Combinational)              6.291       16.28     0.04183       22.61        13.7 
Clock (Sequential)                     0           0           0           0           0 
-----------------------------------------------------------------------------------------
Total                              118.3       44.19        2.57       165.1         100 
-----------------------------------------------------------------------------------------


Rail                  Voltage   Internal   Switching     Leakage       Total  Percentage 
                                Power      Power         Power         Power  (%)        
-----------------------------------------------------------------------------------------
VDD                       0.9      118.3       44.19        2.57       165.1         100 


Clock                           Internal   Switching     Leakage       Total  Percentage 
                                Power      Power         Power         Power  (%)        
-----------------------------------------------------------------------------------------
clk                                6.291       16.28     0.04183       22.61        13.7 
-----------------------------------------------------------------------------------------
Total (excluding duplicates)       6.291       16.28     0.04183       22.61        13.7 
-----------------------------------------------------------------------------------------


-----------------------------------------------------------------------------------------
*	Power Distribution Summary: 
* 		Highest Average Power: qmem_instance/CTS_ccl_BUF_clk_G0_L4_17 (CKBD16): 	    0.1584 
* 		Highest Leakage Power: mac_array_instance/genblk1_1__mac_col_inst/mac_8in_instance/U213 (FA1D4): 	 0.0002648 
* 		Total Cap: 	2.76779e-10 F
* 		Total instances in design: 90093
* 		Total instances in design with no power:     0
*          Total instances in design with no activity:     0
* 		Total Fillers and Decap: 45818
-----------------------------------------------------------------------------------------

