###############################################################
#  Generated by:      Cadence Innovus 15.23-s045_1
#  OS:                Linux x86_64(Host ID ieng6-ece-04.ucsd.edu)
#  Generated on:      Mon Mar 17 15:32:14 2025
#  Design:            mac_array
#  Command:           report_timing -max_paths 5 > ${design}.post_route.timing.rpt
###############################################################
Path 1: VIOLATED Setup Check with Pin genblk1_0__mac_col_inst/mac_8in_instance/
product7_reg_14_/CP 
Endpoint:   genblk1_0__mac_col_inst/mac_8in_instance/product7_reg_14_/D (^) 
checked with  leading edge of 'clk'
Beginpoint: genblk1_0__mac_col_inst/query_q_reg_63_/Q                   (^) 
triggered by  leading edge of 'clk'
Path Groups: {clk}
Analysis View: WC_VIEW
Other End Arrival Time          0.387
- Setup                         0.113
+ Phase Shift                   1.000
+ CPPR Adjustment               0.000
= Required Time                 1.274
- Arrival Time                  1.283
= Slack Time                   -0.009
     Clock Rise Edge                 0.000
     + Clock Network Latency (Prop)  0.292
     = Beginpoint Arrival Time       0.292
     +-----------------------------------------------------------------------------------------------------------+ 
     |                      Instance                      |     Arc      |   Cell   | Delay | Arrival | Required | 
     |                                                    |              |          |       |  Time   |   Time   | 
     |----------------------------------------------------+--------------+----------+-------+---------+----------| 
     | genblk1_0__mac_col_inst/query_q_reg_63_            | CP ^         |          |       |   0.292 |    0.283 | 
     | genblk1_0__mac_col_inst/query_q_reg_63_            | CP ^ -> Q ^  | DFQD4    | 0.172 |   0.464 |    0.455 | 
     | genblk1_0__mac_col_inst/mac_8in_instance/FE_RC_282 | B1 ^ -> ZN v | IND2D4   | 0.034 |   0.498 |    0.490 | 
     | 4_0                                                |              |          |       |         |          | 
     | genblk1_0__mac_col_inst/mac_8in_instance/FE_RC_282 | B v -> ZN ^  | OAI21D4  | 0.034 |   0.533 |    0.524 | 
     | 2_0                                                |              |          |       |         |          | 
     | genblk1_0__mac_col_inst/mac_8in_instance/U15_dup   | A1 ^ -> ZN v | ND2D4    | 0.034 |   0.567 |    0.558 | 
     | genblk1_0__mac_col_inst/mac_8in_instance/FE_RC_270 | A1 v -> ZN ^ | OAI22D4  | 0.035 |   0.602 |    0.594 | 
     | 0_0                                                |              |          |       |         |          | 
     | genblk1_0__mac_col_inst/mac_8in_instance/mult_x_8_ | A ^ -> S ^   | CMPE42D1 | 0.310 |   0.912 |    0.904 | 
     | U37                                                |              |          |       |         |          | 
     | genblk1_0__mac_col_inst/mac_8in_instance/FE_OCPC79 | I ^ -> ZN v  | INVD2    | 0.024 |   0.936 |    0.928 | 
     | 2_mult_x_8_n47                                     |              |          |       |         |          | 
     | genblk1_0__mac_col_inst/mac_8in_instance/U77       | A1 v -> ZN ^ | ND2D2    | 0.019 |   0.955 |    0.947 | 
     | genblk1_0__mac_col_inst/mac_8in_instance/U850      | A1 ^ -> ZN v | ND2D2    | 0.024 |   0.979 |    0.970 | 
     | genblk1_0__mac_col_inst/mac_8in_instance/U760      | A1 v -> ZN ^ | ND2D2    | 0.028 |   1.006 |    0.998 | 
     | genblk1_0__mac_col_inst/mac_8in_instance/FE_RC_645 | A1 ^ -> ZN v | ND2D4    | 0.030 |   1.036 |    1.027 | 
     | _0                                                 |              |          |       |         |          | 
     | genblk1_0__mac_col_inst/mac_8in_instance/FE_RC_275 | A1 v -> ZN ^ | ND2D2    | 0.022 |   1.058 |    1.049 | 
     | 7_0_dup                                            |              |          |       |         |          | 
     | genblk1_0__mac_col_inst/mac_8in_instance/FE_RC_899 | I ^ -> ZN v  | CKND2    | 0.021 |   1.078 |    1.070 | 
     | _0                                                 |              |          |       |         |          | 
     | genblk1_0__mac_col_inst/mac_8in_instance/FE_RC_123 | A1 v -> ZN ^ | OAI21D4  | 0.040 |   1.118 |    1.109 | 
     | 9_0                                                |              |          |       |         |          | 
     | genblk1_0__mac_col_inst/mac_8in_instance/FE_RC_282 | A2 ^ -> ZN v | OAI211D4 | 0.052 |   1.170 |    1.161 | 
     | 0_0                                                |              |          |       |         |          | 
     | genblk1_0__mac_col_inst/mac_8in_instance/FE_RC_173 | A1 v -> ZN ^ | OAI21D4  | 0.056 |   1.226 |    1.217 | 
     | 1_0                                                |              |          |       |         |          | 
     | genblk1_0__mac_col_inst/mac_8in_instance/FE_RC_300 | A1 ^ -> ZN v | CKND2D2  | 0.033 |   1.259 |    1.250 | 
     | 9_0                                                |              |          |       |         |          | 
     | genblk1_0__mac_col_inst/mac_8in_instance/FE_RC_311 | A1 v -> ZN ^ | ND2D2    | 0.024 |   1.283 |    1.274 | 
     | 8_0                                                |              |          |       |         |          | 
     | genblk1_0__mac_col_inst/mac_8in_instance/product7_ | D ^          | DFKCNQD1 | 0.000 |   1.283 |    1.274 | 
     | reg_14_                                            |              |          |       |         |          | 
     +-----------------------------------------------------------------------------------------------------------+ 
Path 2: VIOLATED Setup Check with Pin genblk1_0__mac_col_inst/mac_8in_instance/
product7_reg_12_/CP 
Endpoint:   genblk1_0__mac_col_inst/mac_8in_instance/product7_reg_12_/D (^) 
checked with  leading edge of 'clk'
Beginpoint: genblk1_0__mac_col_inst/query_q_reg_63_/Q                   (^) 
triggered by  leading edge of 'clk'
Path Groups: {clk}
Analysis View: WC_VIEW
Other End Arrival Time          0.346
- Setup                         0.112
+ Phase Shift                   1.000
+ CPPR Adjustment               0.000
= Required Time                 1.234
- Arrival Time                  1.237
= Slack Time                   -0.003
     Clock Rise Edge                 0.000
     + Clock Network Latency (Prop)  0.292
     = Beginpoint Arrival Time       0.292
     +-----------------------------------------------------------------------------------------------------------+ 
     |                      Instance                      |     Arc      |   Cell   | Delay | Arrival | Required | 
     |                                                    |              |          |       |  Time   |   Time   | 
     |----------------------------------------------------+--------------+----------+-------+---------+----------| 
     | genblk1_0__mac_col_inst/query_q_reg_63_            | CP ^         |          |       |   0.292 |    0.289 | 
     | genblk1_0__mac_col_inst/query_q_reg_63_            | CP ^ -> Q ^  | DFQD4    | 0.172 |   0.464 |    0.461 | 
     | genblk1_0__mac_col_inst/mac_8in_instance/FE_RC_282 | B1 ^ -> ZN v | IND2D4   | 0.034 |   0.498 |    0.495 | 
     | 4_0                                                |              |          |       |         |          | 
     | genblk1_0__mac_col_inst/mac_8in_instance/FE_RC_282 | B v -> ZN ^  | OAI21D4  | 0.034 |   0.533 |    0.530 | 
     | 2_0                                                |              |          |       |         |          | 
     | genblk1_0__mac_col_inst/mac_8in_instance/U15_dup   | A1 ^ -> ZN v | ND2D4    | 0.034 |   0.567 |    0.564 | 
     | genblk1_0__mac_col_inst/mac_8in_instance/FE_RC_270 | A1 v -> ZN ^ | OAI22D4  | 0.035 |   0.602 |    0.599 | 
     | 0_0                                                |              |          |       |         |          | 
     | genblk1_0__mac_col_inst/mac_8in_instance/mult_x_8_ | A ^ -> S v   | CMPE42D1 | 0.317 |   0.919 |    0.916 | 
     | U37                                                |              |          |       |         |          | 
     | genblk1_0__mac_col_inst/mac_8in_instance/FE_OCPC79 | I v -> ZN ^  | INVD2    | 0.027 |   0.946 |    0.943 | 
     | 2_mult_x_8_n47                                     |              |          |       |         |          | 
     | genblk1_0__mac_col_inst/mac_8in_instance/U77       | A1 ^ -> ZN v | ND2D2    | 0.022 |   0.968 |    0.965 | 
     | genblk1_0__mac_col_inst/mac_8in_instance/U850      | A1 v -> ZN ^ | ND2D2    | 0.021 |   0.989 |    0.986 | 
     | genblk1_0__mac_col_inst/mac_8in_instance/U760      | A1 ^ -> ZN v | ND2D2    | 0.032 |   1.021 |    1.018 | 
     | genblk1_0__mac_col_inst/mac_8in_instance/FE_RC_645 | A1 v -> ZN ^ | ND2D4    | 0.027 |   1.049 |    1.046 | 
     | _0                                                 |              |          |       |         |          | 
     | genblk1_0__mac_col_inst/mac_8in_instance/FE_RC_275 | A1 ^ -> ZN v | ND2D2    | 0.024 |   1.073 |    1.070 | 
     | 7_0_dup                                            |              |          |       |         |          | 
     | genblk1_0__mac_col_inst/mac_8in_instance/FE_RC_899 | I v -> ZN ^  | CKND2    | 0.022 |   1.095 |    1.092 | 
     | _0                                                 |              |          |       |         |          | 
     | genblk1_0__mac_col_inst/mac_8in_instance/FE_RC_123 | A1 ^ -> ZN v | OAI21D4  | 0.029 |   1.124 |    1.121 | 
     | 9_0                                                |              |          |       |         |          | 
     | genblk1_0__mac_col_inst/mac_8in_instance/FE_RC_210 | A1 v -> ZN ^ | ND2D2    | 0.025 |   1.149 |    1.146 | 
     | 5_0                                                |              |          |       |         |          | 
     | genblk1_0__mac_col_inst/mac_8in_instance/FE_RC_312 | I ^ -> ZN v  | INVD1    | 0.020 |   1.169 |    1.166 | 
     | 8_0                                                |              |          |       |         |          | 
     | genblk1_0__mac_col_inst/mac_8in_instance/FE_RC_312 | B1 v -> ZN ^ | INR2XD1  | 0.023 |   1.193 |    1.190 | 
     | 7_0                                                |              |          |       |         |          | 
     | genblk1_0__mac_col_inst/mac_8in_instance/FE_RC_251 | A1 ^ -> ZN ^ | IND2D2   | 0.044 |   1.237 |    1.234 | 
     | 8_0                                                |              |          |       |         |          | 
     | genblk1_0__mac_col_inst/mac_8in_instance/product7_ | D ^          | DFKCNQD1 | 0.000 |   1.237 |    1.234 | 
     | reg_12_                                            |              |          |       |         |          | 
     +-----------------------------------------------------------------------------------------------------------+ 
Path 3: VIOLATED Setup Check with Pin genblk1_0__mac_col_inst/mac_8in_instance/
product7_reg_13_/CP 
Endpoint:   genblk1_0__mac_col_inst/mac_8in_instance/product7_reg_13_/D (^) 
checked with  leading edge of 'clk'
Beginpoint: genblk1_0__mac_col_inst/query_q_reg_63_/Q                   (^) 
triggered by  leading edge of 'clk'
Path Groups: {clk}
Analysis View: WC_VIEW
Other End Arrival Time          0.380
- Setup                         0.118
+ Phase Shift                   1.000
+ CPPR Adjustment               0.000
= Required Time                 1.262
- Arrival Time                  1.263
= Slack Time                   -0.001
     Clock Rise Edge                 0.000
     + Clock Network Latency (Prop)  0.292
     = Beginpoint Arrival Time       0.292
     +-----------------------------------------------------------------------------------------------------------+ 
     |                      Instance                      |     Arc      |   Cell   | Delay | Arrival | Required | 
     |                                                    |              |          |       |  Time   |   Time   | 
     |----------------------------------------------------+--------------+----------+-------+---------+----------| 
     | genblk1_0__mac_col_inst/query_q_reg_63_            | CP ^         |          |       |   0.292 |    0.291 | 
     | genblk1_0__mac_col_inst/query_q_reg_63_            | CP ^ -> Q ^  | DFQD4    | 0.172 |   0.464 |    0.463 | 
     | genblk1_0__mac_col_inst/mac_8in_instance/FE_RC_282 | B1 ^ -> ZN v | IND2D4   | 0.034 |   0.498 |    0.497 | 
     | 4_0                                                |              |          |       |         |          | 
     | genblk1_0__mac_col_inst/mac_8in_instance/FE_RC_282 | B v -> ZN ^  | OAI21D4  | 0.034 |   0.533 |    0.532 | 
     | 2_0                                                |              |          |       |         |          | 
     | genblk1_0__mac_col_inst/mac_8in_instance/U15_dup   | A1 ^ -> ZN v | ND2D4    | 0.034 |   0.567 |    0.566 | 
     | genblk1_0__mac_col_inst/mac_8in_instance/FE_RC_270 | A1 v -> ZN ^ | OAI22D4  | 0.035 |   0.602 |    0.601 | 
     | 0_0                                                |              |          |       |         |          | 
     | genblk1_0__mac_col_inst/mac_8in_instance/mult_x_8_ | A ^ -> S v   | CMPE42D1 | 0.317 |   0.919 |    0.918 | 
     | U37                                                |              |          |       |         |          | 
     | genblk1_0__mac_col_inst/mac_8in_instance/FE_OCPC79 | I v -> ZN ^  | INVD2    | 0.027 |   0.946 |    0.945 | 
     | 2_mult_x_8_n47                                     |              |          |       |         |          | 
     | genblk1_0__mac_col_inst/mac_8in_instance/U77       | A1 ^ -> ZN v | ND2D2    | 0.022 |   0.968 |    0.967 | 
     | genblk1_0__mac_col_inst/mac_8in_instance/U850      | A1 v -> ZN ^ | ND2D2    | 0.021 |   0.989 |    0.988 | 
     | genblk1_0__mac_col_inst/mac_8in_instance/U760      | A1 ^ -> ZN v | ND2D2    | 0.032 |   1.021 |    1.020 | 
     | genblk1_0__mac_col_inst/mac_8in_instance/FE_RC_645 | A1 v -> ZN ^ | ND2D4    | 0.027 |   1.049 |    1.048 | 
     | _0                                                 |              |          |       |         |          | 
     | genblk1_0__mac_col_inst/mac_8in_instance/FE_RC_275 | A1 ^ -> ZN v | ND2D2    | 0.024 |   1.073 |    1.072 | 
     | 7_0_dup                                            |              |          |       |         |          | 
     | genblk1_0__mac_col_inst/mac_8in_instance/FE_RC_899 | I v -> ZN ^  | CKND2    | 0.022 |   1.095 |    1.094 | 
     | _0                                                 |              |          |       |         |          | 
     | genblk1_0__mac_col_inst/mac_8in_instance/FE_RC_123 | A1 ^ -> ZN v | OAI21D4  | 0.029 |   1.124 |    1.123 | 
     | 9_0                                                |              |          |       |         |          | 
     | genblk1_0__mac_col_inst/mac_8in_instance/FE_RC_282 | A2 v -> ZN ^ | OAI211D4 | 0.053 |   1.177 |    1.175 | 
     | 0_0                                                |              |          |       |         |          | 
     | genblk1_0__mac_col_inst/mac_8in_instance/FE_RC_219 | A1 ^ -> ZN v | ND2D2    | 0.039 |   1.215 |    1.214 | 
     | 2_0                                                |              |          |       |         |          | 
     | genblk1_0__mac_col_inst/mac_8in_instance/FE_RC_220 | A1 v -> ZN ^ | OAI21D1  | 0.048 |   1.263 |    1.262 | 
     | 0_0                                                |              |          |       |         |          | 
     | genblk1_0__mac_col_inst/mac_8in_instance/product7_ | D ^          | DFKCNQD1 | 0.000 |   1.263 |    1.262 | 
     | reg_13_                                            |              |          |       |         |          | 
     +-----------------------------------------------------------------------------------------------------------+ 
Path 4: MET Setup Check with Pin genblk1_0__mac_col_inst/mac_8in_instance/
product7_reg_15_/CP 
Endpoint:   genblk1_0__mac_col_inst/mac_8in_instance/product7_reg_15_/D (^) 
checked with  leading edge of 'clk'
Beginpoint: genblk1_0__mac_col_inst/query_q_reg_63_/Q                   (^) 
triggered by  leading edge of 'clk'
Path Groups: {clk}
Analysis View: WC_VIEW
Other End Arrival Time          0.381
- Setup                         0.116
+ Phase Shift                   1.000
+ CPPR Adjustment               0.000
= Required Time                 1.265
- Arrival Time                  1.264
= Slack Time                    0.001
     Clock Rise Edge                 0.000
     + Clock Network Latency (Prop)  0.292
     = Beginpoint Arrival Time       0.292
     +-----------------------------------------------------------------------------------------------------------+ 
     |                      Instance                      |     Arc      |   Cell   | Delay | Arrival | Required | 
     |                                                    |              |          |       |  Time   |   Time   | 
     |----------------------------------------------------+--------------+----------+-------+---------+----------| 
     | genblk1_0__mac_col_inst/query_q_reg_63_            | CP ^         |          |       |   0.292 |    0.293 | 
     | genblk1_0__mac_col_inst/query_q_reg_63_            | CP ^ -> Q ^  | DFQD4    | 0.172 |   0.464 |    0.465 | 
     | genblk1_0__mac_col_inst/mac_8in_instance/FE_RC_282 | B1 ^ -> ZN v | IND2D4   | 0.034 |   0.498 |    0.499 | 
     | 4_0                                                |              |          |       |         |          | 
     | genblk1_0__mac_col_inst/mac_8in_instance/FE_RC_282 | B v -> ZN ^  | OAI21D4  | 0.034 |   0.533 |    0.534 | 
     | 2_0                                                |              |          |       |         |          | 
     | genblk1_0__mac_col_inst/mac_8in_instance/U15_dup   | A1 ^ -> ZN v | ND2D4    | 0.034 |   0.567 |    0.568 | 
     | genblk1_0__mac_col_inst/mac_8in_instance/FE_RC_270 | A1 v -> ZN ^ | OAI22D4  | 0.035 |   0.602 |    0.603 | 
     | 0_0                                                |              |          |       |         |          | 
     | genblk1_0__mac_col_inst/mac_8in_instance/mult_x_8_ | A ^ -> S v   | CMPE42D1 | 0.317 |   0.919 |    0.920 | 
     | U37                                                |              |          |       |         |          | 
     | genblk1_0__mac_col_inst/mac_8in_instance/FE_OCPC79 | I v -> ZN ^  | INVD2    | 0.027 |   0.946 |    0.947 | 
     | 2_mult_x_8_n47                                     |              |          |       |         |          | 
     | genblk1_0__mac_col_inst/mac_8in_instance/U77       | A1 ^ -> ZN v | ND2D2    | 0.022 |   0.968 |    0.969 | 
     | genblk1_0__mac_col_inst/mac_8in_instance/U850      | A1 v -> ZN ^ | ND2D2    | 0.021 |   0.989 |    0.990 | 
     | genblk1_0__mac_col_inst/mac_8in_instance/U760      | A1 ^ -> ZN v | ND2D2    | 0.032 |   1.021 |    1.022 | 
     | genblk1_0__mac_col_inst/mac_8in_instance/FE_RC_645 | A1 v -> ZN ^ | ND2D4    | 0.027 |   1.049 |    1.050 | 
     | _0                                                 |              |          |       |         |          | 
     | genblk1_0__mac_col_inst/mac_8in_instance/FE_RC_275 | A1 ^ -> ZN v | ND2D2    | 0.024 |   1.073 |    1.074 | 
     | 7_0_dup                                            |              |          |       |         |          | 
     | genblk1_0__mac_col_inst/mac_8in_instance/FE_RC_899 | I v -> ZN ^  | CKND2    | 0.022 |   1.095 |    1.096 | 
     | _0                                                 |              |          |       |         |          | 
     | genblk1_0__mac_col_inst/mac_8in_instance/FE_RC_123 | A1 ^ -> ZN v | OAI21D4  | 0.029 |   1.124 |    1.125 | 
     | 9_0                                                |              |          |       |         |          | 
     | genblk1_0__mac_col_inst/mac_8in_instance/FE_RC_282 | A2 v -> ZN ^ | OAI211D4 | 0.053 |   1.177 |    1.177 | 
     | 0_0                                                |              |          |       |         |          | 
     | genblk1_0__mac_col_inst/mac_8in_instance/FE_RC_173 | A1 ^ -> ZN v | OAI21D4  | 0.043 |   1.219 |    1.220 | 
     | 1_0                                                |              |          |       |         |          | 
     | genblk1_0__mac_col_inst/mac_8in_instance/FE_RC_269 | A1 v -> ZN ^ | OAI21D4  | 0.045 |   1.264 |    1.265 | 
     | 3_0                                                |              |          |       |         |          | 
     | genblk1_0__mac_col_inst/mac_8in_instance/product7_ | D ^          | DFKCNQD1 | 0.000 |   1.264 |    1.265 | 
     | reg_15_                                            |              |          |       |         |          | 
     +-----------------------------------------------------------------------------------------------------------+ 
Path 5: MET Setup Check with Pin genblk1_0__mac_col_inst/mac_8in_instance/
product4_reg_10_/CP 
Endpoint:   genblk1_0__mac_col_inst/mac_8in_instance/product4_reg_10_/D (^) 
checked with  leading edge of 'clk'
Beginpoint: genblk1_0__mac_col_inst/query_q_reg_39_/Q                   (v) 
triggered by  leading edge of 'clk'
Path Groups: {clk}
Analysis View: WC_VIEW
Other End Arrival Time          0.278
- Setup                         0.098
+ Phase Shift                   1.000
+ CPPR Adjustment               0.000
= Required Time                 1.180
- Arrival Time                  1.178
= Slack Time                    0.002
     Clock Rise Edge                 0.000
     + Clock Network Latency (Prop)  0.281
     = Beginpoint Arrival Time       0.281
     +-----------------------------------------------------------------------------------------------------------+ 
     |                      Instance                      |     Arc      |   Cell   | Delay | Arrival | Required | 
     |                                                    |              |          |       |  Time   |   Time   | 
     |----------------------------------------------------+--------------+----------+-------+---------+----------| 
     | genblk1_0__mac_col_inst/query_q_reg_39_            | CP ^         |          |       |   0.281 |    0.283 | 
     | genblk1_0__mac_col_inst/query_q_reg_39_            | CP ^ -> Q v  | DFQD4    | 0.162 |   0.443 |    0.445 | 
     | genblk1_0__mac_col_inst/mac_8in_instance/FE_RC_183 | A1 v -> ZN ^ | ND2D2    | 0.025 |   0.468 |    0.470 | 
     | 3_0                                                |              |          |       |         |          | 
     | genblk1_0__mac_col_inst/mac_8in_instance/FE_RC_183 | B ^ -> ZN v  | OAI21D2  | 0.044 |   0.512 |    0.513 | 
     | 1_0                                                |              |          |       |         |          | 
     | genblk1_0__mac_col_inst/mac_8in_instance/U40       | A1 v -> ZN ^ | CKND2D4  | 0.040 |   0.551 |    0.553 | 
     | genblk1_0__mac_col_inst/mac_8in_instance/U376      | A1 ^ -> ZN v | OAI22D4  | 0.038 |   0.589 |    0.591 | 
     | genblk1_0__mac_col_inst/mac_8in_instance/mult_x_5_ | A v -> S ^   | CMPE42D2 | 0.329 |   0.918 |    0.920 | 
     | U37                                                |              |          |       |         |          | 
     | genblk1_0__mac_col_inst/mac_8in_instance/U727      | A1 ^ -> ZN v | CKND2D2  | 0.035 |   0.952 |    0.954 | 
     | genblk1_0__mac_col_inst/mac_8in_instance/U67       | A2 v -> ZN ^ | ND2D3    | 0.028 |   0.980 |    0.982 | 
     | genblk1_0__mac_col_inst/mac_8in_instance/FE_RC_123 | A1 ^ -> ZN v | ND2D3    | 0.026 |   1.006 |    1.008 | 
     | 6_0                                                |              |          |       |         |          | 
     | genblk1_0__mac_col_inst/mac_8in_instance/FE_RC_123 | A1 v -> ZN ^ | ND2D4    | 0.022 |   1.028 |    1.030 | 
     | 5_0                                                |              |          |       |         |          | 
     | genblk1_0__mac_col_inst/mac_8in_instance/FE_RC_109 | A1 ^ -> ZN v | ND2D4    | 0.024 |   1.053 |    1.055 | 
     | 0_0                                                |              |          |       |         |          | 
     | genblk1_0__mac_col_inst/mac_8in_instance/FE_RC_108 | A1 v -> ZN ^ | CKND2D4  | 0.025 |   1.077 |    1.079 | 
     | 9_0                                                |              |          |       |         |          | 
     | genblk1_0__mac_col_inst/mac_8in_instance/FE_OCPC67 | I ^ -> Z ^   | BUFFD2   | 0.043 |   1.120 |    1.122 | 
     | 1_n215                                             |              |          |       |         |          | 
     | genblk1_0__mac_col_inst/mac_8in_instance/FE_RC_246 | B1 ^ -> ZN ^ | MOAI22D1 | 0.058 |   1.178 |    1.180 | 
     | 4_0                                                |              |          |       |         |          | 
     | genblk1_0__mac_col_inst/mac_8in_instance/product4_ | D ^          | DFKCNQD1 | 0.000 |   1.178 |    1.180 | 
     | reg_10_                                            |              |          |       |         |          | 
     +-----------------------------------------------------------------------------------------------------------+ 

