*----------------------------------------------------------------------------------------
*	Innovus 15.23-s045_1 (64bit) 04/22/2016 12:32 (Linux 2.6.18-194.el5)
*	
*
* 	Date & Time:	2025-Mar-17 15:32:15 (2025-Mar-17 22:32:15 GMT)
*
*----------------------------------------------------------------------------------------
*
*	Design: mac_array
*
*	Liberty Libraries used: 
*	        WC_VIEW: /home/linux/ieng6/ee260bwi25/public/PDKdata/lib/tcbn65gpluswc.lib
*
*	Power Domain used: 
*		Rail:        VDD 	Voltage:        0.9 
*
*       Power View : WC_VIEW
*
*       User-Defined Activity : N.A.
*
*       Activity File: N.A.
*
*       Hierarchical Global Activity: N.A.
*
*       Global Activity: N.A.
*
*       Sequential Element Activity: 0.200000
*
*       Primary Input Activity: 0.200000
*
*       Default icg ratio: N.A.
*
*       Global Comb ClockGate Ratio: N.A.
*
*	Power Units = 1mW
*
*	Time Units = 1e-09 secs 
*
*       report_power -outfile mac_array.post_route.power.rpt
*
-----------------------------------------------------------------------------------------


Total Power 
-----------------------------------------------------------------------------------------
Total Internal Power:        6.60658789 	   66.5457%
Total Switching Power:       3.18435945 	   32.0749%
Total Leakage Power:         0.13695369 	    1.3795%
Total Power:                 9.92790105 
-----------------------------------------------------------------------------------------


Group                           Internal   Switching     Leakage       Total  Percentage 
                                Power      Power         Power         Power  (%)        
-----------------------------------------------------------------------------------------
Sequential                          3.73      0.2972     0.02791       4.055       40.84 
Macro                                  0           0     0.01776     0.01776      0.1788 
IO                                     0           0           0           0           0 
Combinational                      2.384       2.041     0.08799       4.513       45.46 
Clock (Combinational)             0.4927      0.8466    0.003295       1.343       13.52 
Clock (Sequential)                     0           0           0           0           0 
-----------------------------------------------------------------------------------------
Total                              6.607       3.184       0.137       9.928         100 
-----------------------------------------------------------------------------------------


Rail                  Voltage   Internal   Switching     Leakage       Total  Percentage 
                                Power      Power         Power         Power  (%)        
-----------------------------------------------------------------------------------------
VDD                       0.9      6.607       3.184       0.137       9.928         100 


Clock                           Internal   Switching     Leakage       Total  Percentage 
                                Power      Power         Power         Power  (%)        
-----------------------------------------------------------------------------------------
clk                               0.4927      0.8466    0.003295       1.343       13.52 
-----------------------------------------------------------------------------------------
Total (excluding duplicates)      0.4927      0.8466    0.003295       1.343       13.52 
-----------------------------------------------------------------------------------------


-----------------------------------------------------------------------------------------
*	Power Distribution Summary: 
* 		Highest Average Power: genblk1_0__mac_col_inst/CTS_ccl_BUF_clk_G0_L3_3 (CKBD16): 	    0.1579 
* 		Highest Leakage Power: genblk1_0__mac_col_inst/mac_8in_instance/mult_x_1_U34 (CMPE42D2): 	 0.0002647 
* 		Total Cap: 	1.94162e-11 F
* 		Total instances in design:  5109
* 		Total instances in design with no power:     0
*          Total instances in design with no activity:     0
* 		Total Fillers and Decap:  1294
-----------------------------------------------------------------------------------------

