*----------------------------------------------------------------------------------------
*	Innovus 15.23-s045_1 (64bit) 04/22/2016 12:32 (Linux 2.6.18-194.el5)
*	
*
* 	Date & Time:	2025-Mar-10 10:44:11 (2025-Mar-10 17:44:11 GMT)
*
*----------------------------------------------------------------------------------------
*
*	Design: mac_8in
*
*	Liberty Libraries used: 
*	        WC_VIEW: /home/linux/ieng6/ee260bwi25/h3le/ECE-260B-WI25-Virtuosos/core/pnr_mac_8in/placement.enc.dat/libs/mmmc/tcbn65gpluswc.lib
*
*	Power Domain used: 
*		Rail:        VDD 	Voltage:        0.9 
*
*       Power View : WC_VIEW
*
*       User-Defined Activity : N.A.
*
*       Activity File: N.A.
*
*       Hierarchical Global Activity: N.A.
*
*       Global Activity: N.A.
*
*       Sequential Element Activity: 0.200000
*
*       Primary Input Activity: 0.200000
*
*       Default icg ratio: N.A.
*
*       Global Comb ClockGate Ratio: N.A.
*
*	Power Units = 1mW
*
*	Time Units = 1e-09 secs 
*
*       report_power -outfile mac_8in.post_route.power.rpt
*
-----------------------------------------------------------------------------------------


Total Power 
-----------------------------------------------------------------------------------------
Total Internal Power:        4.58646997 	   65.7224%
Total Switching Power:       2.30542690 	   33.0359%
Total Leakage Power:         0.08665696 	    1.2418%
Total Power:                 6.97855382 
-----------------------------------------------------------------------------------------


Group                           Internal   Switching     Leakage       Total  Percentage 
                                Power      Power         Power         Power  (%)        
-----------------------------------------------------------------------------------------
Sequential                         2.361      0.0929     0.01564       2.469       35.39 
Macro                                  0           0           0           0           0 
IO                                     0           0           0           0           0 
Combinational                      2.087       1.837     0.07013       3.994       57.24 
Clock (Combinational)             0.1381      0.3757   0.0008912      0.5147       7.375 
Clock (Sequential)                     0           0           0           0           0 
-----------------------------------------------------------------------------------------
Total                              4.586       2.305     0.08666       6.979         100 
-----------------------------------------------------------------------------------------


Rail                  Voltage   Internal   Switching     Leakage       Total  Percentage 
                                Power      Power         Power         Power  (%)        
-----------------------------------------------------------------------------------------
VDD                       0.9      4.586       2.305     0.08666       6.979         100 


Clock                           Internal   Switching     Leakage       Total  Percentage 
                                Power      Power         Power         Power  (%)        
-----------------------------------------------------------------------------------------
clk                               0.1381      0.3757   0.0008912      0.5147       7.375 
-----------------------------------------------------------------------------------------
Total (excluding duplicates)      0.1381      0.3757   0.0008912      0.5147       7.375 
-----------------------------------------------------------------------------------------


-----------------------------------------------------------------------------------------
*	Power Distribution Summary: 
* 		Highest Average Power:   CTS_ccl_BUF_clk_G0_L1_1 (CKBD16): 	    0.1325 
* 		Highest Leakage Power:                     U2349 (FA1D4): 	 0.0002621 
* 		Total Cap: 	1.37441e-11 F
* 		Total instances in design:  3282
* 		Total instances in design with no power:     0
*          Total instances in design with no activity:     0
* 		Total Fillers and Decap:     0
-----------------------------------------------------------------------------------------

