###############################################################
#  Generated by:      Cadence Innovus 15.23-s045_1
#  OS:                Linux x86_64(Host ID ieng6-ece-04.ucsd.edu)
#  Generated on:      Mon Mar 10 10:44:10 2025
#  Design:            mac_8in
#  Command:           report_timing -max_paths 5 > ${design}.post_route.timing.rpt
###############################################################
Path 1: MET Setup Check with Pin product1_reg_10_/CP 
Endpoint:   product1_reg_10_/D (^) checked with  leading edge of 'clk'
Beginpoint: a[12]              (v) triggered by  leading edge of 'clk'
Path Groups: {clk}
Analysis View: WC_VIEW
Other End Arrival Time          0.072
- Setup                         0.015
+ Phase Shift                   1.000
+ CPPR Adjustment               0.000
= Required Time                 1.056
- Arrival Time                  1.056
= Slack Time                    0.001
     Clock Rise Edge                      0.000
     + Input Delay                        0.200
     = Beginpoint Arrival Time            0.200
     +------------------------------------------------------------------------+ 
     |     Instance     |     Arc      |  Cell   | Delay | Arrival | Required | 
     |                  |              |         |       |  Time   |   Time   | 
     |------------------+--------------+---------+-------+---------+----------| 
     |                  | a[12] v      |         |       |   0.200 |    0.201 | 
     | FE_RC_142_0      | A2 v -> ZN ^ | CKND2D8 | 0.020 |   0.220 |    0.221 | 
     | FE_RC_141_0_dup  | B ^ -> ZN v  | OAI21D4 | 0.046 |   0.267 |    0.267 | 
     | U2372            | B1 v -> ZN ^ | INR2D0  | 0.118 |   0.384 |    0.385 | 
     | U2383            | B ^ -> S v   | FA1D1   | 0.195 |   0.579 |    0.580 | 
     | U2381            | A1 v -> ZN ^ | CKND2D1 | 0.046 |   0.625 |    0.626 | 
     | U582             | B ^ -> ZN v  | OAI21D2 | 0.054 |   0.680 |    0.680 | 
     | U2387            | A1 v -> ZN ^ | AOI21D4 | 0.049 |   0.728 |    0.729 | 
     | FE_RC_629_0      | A1 ^ -> ZN v | OAI21D4 | 0.035 |   0.763 |    0.764 | 
     | U1795            | A2 v -> ZN ^ | ND2D3   | 0.030 |   0.793 |    0.794 | 
     | U569             | A1 ^ -> ZN v | CKND2D2 | 0.035 |   0.828 |    0.829 | 
     | U623             | A1 v -> ZN ^ | AOI21D0 | 0.082 |   0.910 |    0.911 | 
     | U597             | A1 ^ -> ZN v | XNR2D0  | 0.105 |   1.016 |    1.016 | 
     | U596             | A1 v -> ZN ^ | NR2XD0  | 0.040 |   1.056 |    1.056 | 
     | product1_reg_10_ | D ^          | DFQD1   | 0.000 |   1.056 |    1.056 | 
     +------------------------------------------------------------------------+ 
Path 2: MET Setup Check with Pin product5_reg_12_/CP 
Endpoint:   product5_reg_12_/D (v) checked with  leading edge of 'clk'
Beginpoint: a[46]              (v) triggered by  leading edge of 'clk'
Path Groups: {clk}
Analysis View: WC_VIEW
Other End Arrival Time          0.069
- Setup                        -0.008
+ Phase Shift                   1.000
+ CPPR Adjustment               0.000
= Required Time                 1.077
- Arrival Time                  1.073
= Slack Time                    0.003
     Clock Rise Edge                      0.000
     + Input Delay                        0.200
     = Beginpoint Arrival Time            0.200
     +------------------------------------------------------------------------+ 
     |     Instance     |     Arc      |  Cell   | Delay | Arrival | Required | 
     |                  |              |         |       |  Time   |   Time   | 
     |------------------+--------------+---------+-------+---------+----------| 
     |                  | a[46] v      |         |       |   0.200 |    0.203 | 
     | FE_RC_399_0      | A1 v -> ZN v | IND2D2  | 0.047 |   0.247 |    0.250 | 
     | FE_RC_397_0      | A2 v -> ZN ^ | ND2D1   | 0.041 |   0.287 |    0.291 | 
     | U222             | A1 ^ -> ZN v | CKND2D4 | 0.048 |   0.336 |    0.339 | 
     | U537             | A1 v -> ZN ^ | OAI22D2 | 0.050 |   0.386 |    0.389 | 
     | U2416            | A ^ -> S v   | FA1D1   | 0.154 |   0.540 |    0.543 | 
     | U2418            | A v -> CO v  | FA1D1   | 0.150 |   0.690 |    0.693 | 
     | U2026            | A1 v -> ZN ^ | ND2D1   | 0.037 |   0.727 |    0.730 | 
     | FE_RC_131_0      | B ^ -> ZN v  | OAI21D2 | 0.061 |   0.788 |    0.792 | 
     | FE_RC_40_1       | A1 v -> ZN v | IOA21D1 | 0.077 |   0.865 |    0.869 | 
     | U161             | B v -> ZN ^  | AOI21D1 | 0.072 |   0.938 |    0.941 | 
     | FE_RC_129_0      | A1 ^ -> ZN v | CKND2D0 | 0.055 |   0.992 |    0.996 | 
     | FE_RC_128_0      | B v -> ZN ^  | OAI21D1 | 0.046 |   1.038 |    1.042 | 
     | U1823            | A1 ^ -> ZN v | NR2XD1  | 0.035 |   1.073 |    1.077 | 
     | product5_reg_12_ | D v          | DFD1    | 0.000 |   1.073 |    1.077 | 
     +------------------------------------------------------------------------+ 
Path 3: MET Setup Check with Pin product4_reg_13_/CP 
Endpoint:   product4_reg_13_/D (^) checked with  leading edge of 'clk'
Beginpoint: b[32]              (v) triggered by  leading edge of 'clk'
Path Groups: {clk}
Analysis View: WC_VIEW
Other End Arrival Time          0.069
- Setup                         0.014
+ Phase Shift                   1.000
+ CPPR Adjustment               0.000
= Required Time                 1.055
- Arrival Time                  1.050
= Slack Time                    0.006
     Clock Rise Edge                      0.000
     + Input Delay                        0.200
     = Beginpoint Arrival Time            0.200
     +------------------------------------------------------------------------+ 
     |     Instance     |     Arc      |  Cell   | Delay | Arrival | Required | 
     |                  |              |         |       |  Time   |   Time   | 
     |------------------+--------------+---------+-------+---------+----------| 
     |                  | b[32] v      |         |       |   0.200 |    0.206 | 
     | U1745            | A2 v -> Z ^  | XOR2D0  | 0.107 |   0.307 |    0.313 | 
     | U1764            | A1 ^ -> ZN v | CKND2D2 | 0.029 |   0.337 |    0.342 | 
     | U216             | A1 v -> ZN ^ | OAI22D2 | 0.044 |   0.380 |    0.386 | 
     | U1908            | A1 ^ -> Z v  | XOR3D2  | 0.186 |   0.566 |    0.572 | 
     | U2148            | CI v -> S ^  | FA1D0   | 0.123 |   0.689 |    0.695 | 
     | U1808            | A1 ^ -> ZN v | CKND2D1 | 0.061 |   0.751 |    0.756 | 
     | FE_RC_665_0      | A2 v -> Z v  | OA21D4  | 0.089 |   0.840 |    0.845 | 
     | U1906            | A2 v -> ZN ^ | ND2D8   | 0.029 |   0.868 |    0.874 | 
     | FE_OCPC61_n2291  | I ^ -> ZN v  | CKND0   | 0.026 |   0.894 |    0.900 | 
     | FE_RC_60_0       | B1 v -> ZN ^ | INR2D0  | 0.060 |   0.954 |    0.959 | 
     | FE_RC_61_1       | A3 ^ -> ZN v | NR3D0   | 0.055 |   1.009 |    1.015 | 
     | U1473            | A1 v -> ZN ^ | NR2XD1  | 0.041 |   1.050 |    1.055 | 
     | product4_reg_13_ | D ^          | DFQD1   | 0.000 |   1.050 |    1.055 | 
     +------------------------------------------------------------------------+ 
Path 4: MET Setup Check with Pin psum_1_0_reg_21_/CP 
Endpoint:   psum_1_0_reg_21_/D (v) checked with  leading edge of 'clk'
Beginpoint: psum_0_0_reg_11_/Q (v) triggered by  leading edge of 'clk'
Path Groups: {clk}
Analysis View: WC_VIEW
Other End Arrival Time          0.072
- Setup                         0.076
+ Phase Shift                   1.000
+ CPPR Adjustment               0.000
= Required Time                 0.996
- Arrival Time                  0.990
= Slack Time                    0.006
     Clock Rise Edge                 0.000
     + Clock Network Latency (Prop)  0.077
     = Beginpoint Arrival Time       0.077
     +-------------------------------------------------------------------------+ 
     |     Instance     |     Arc      |   Cell   | Delay | Arrival | Required | 
     |                  |              |          |       |  Time   |   Time   | 
     |------------------+--------------+----------+-------+---------+----------| 
     | psum_0_0_reg_11_ | CP ^         |          |       |   0.077 |    0.083 | 
     | psum_0_0_reg_11_ | CP ^ -> Q v  | EDFQD1   | 0.161 |   0.238 |    0.243 | 
     | U992             | A1 v -> ZN ^ | NR2XD0   | 0.069 |   0.307 |    0.313 | 
     | U758             | A1 ^ -> ZN v | OAI21D1  | 0.044 |   0.351 |    0.357 | 
     | FE_RC_13_0       | B v -> ZN ^  | AOI21D1  | 0.084 |   0.435 |    0.441 | 
     | U250             | A1 ^ -> ZN v | OAI21D1  | 0.064 |   0.499 |    0.505 | 
     | U319             | B v -> ZN ^  | AOI21D4  | 0.072 |   0.571 |    0.577 | 
     | U2917            | A1 ^ -> ZN v | OAI21D4  | 0.041 |   0.612 |    0.618 | 
     | U2918            | A1 v -> ZN ^ | AOI21D4  | 0.053 |   0.666 |    0.672 | 
     | U2919            | A1 ^ -> ZN v | OAI21D2  | 0.048 |   0.713 |    0.719 | 
     | FE_RC_9_0        | A1 v -> ZN ^ | ND2D2    | 0.030 |   0.743 |    0.749 | 
     | FE_RC_693_0      | A1 ^ -> ZN v | CKND2D2  | 0.028 |   0.771 |    0.777 | 
     | U3008            | CI v -> CO v | FA1D1    | 0.076 |   0.847 |    0.853 | 
     | U3009            | CI v -> CO v | FA1D1    | 0.077 |   0.924 |    0.930 | 
     | FE_RC_14_0       | B1 v -> ZN v | MOAI22D1 | 0.066 |   0.990 |    0.996 | 
     | psum_1_0_reg_21_ | D v          | EDFQD1   | 0.000 |   0.990 |    0.996 | 
     +-------------------------------------------------------------------------+ 
Path 5: MET Setup Check with Pin product3_reg_11_/CP 
Endpoint:   product3_reg_11_/D (v) checked with  leading edge of 'clk'
Beginpoint: b[31]              (v) triggered by  leading edge of 'clk'
Path Groups: {clk}
Analysis View: WC_VIEW
Other End Arrival Time          0.077
- Setup                        -0.005
+ Phase Shift                   1.000
+ CPPR Adjustment               0.000
= Required Time                 1.082
- Arrival Time                  1.074
= Slack Time                    0.008
     Clock Rise Edge                      0.000
     + Input Delay                        0.200
     = Beginpoint Arrival Time            0.200
     +-------------------------------------------------------------------------+ 
     |     Instance     |     Arc      |   Cell   | Delay | Arrival | Required | 
     |                  |              |          |       |  Time   |   Time   | 
     |------------------+--------------+----------+-------+---------+----------| 
     |                  | b[31] v      |          |       |   0.200 |    0.208 | 
     | FE_RC_424_0      | A2 v -> ZN ^ | MOAI22D0 | 0.115 |   0.315 |    0.323 | 
     | U2538            | B2 ^ -> ZN v | OAI22D2  | 0.078 |   0.393 |    0.401 | 
     | U2551            | B v -> CO v  | FA1D4    | 0.143 |   0.536 |    0.544 | 
     | U2555            | A v -> S v   | FA1D1    | 0.147 |   0.684 |    0.692 | 
     | U300             | A2 v -> ZN ^ | NR2XD1   | 0.058 |   0.741 |    0.749 | 
     | U401             | I ^ -> ZN v  | INVD0    | 0.050 |   0.791 |    0.799 | 
     | U2033            | A2 v -> ZN ^ | CKND2D2  | 0.044 |   0.835 |    0.842 | 
     | FE_RC_212_0      | I ^ -> ZN v  | CKND0    | 0.034 |   0.868 |    0.876 | 
     | U1933            | A2 v -> ZN ^ | AOI21D1  | 0.053 |   0.921 |    0.929 | 
     | FE_RC_168_0      | A1 ^ -> ZN v | ND2D0    | 0.048 |   0.970 |    0.977 | 
     | FE_RC_167_0      | B v -> ZN ^  | OAI21D0  | 0.055 |   1.024 |    1.032 | 
     | U157             | A1 ^ -> ZN v | NR2XD0   | 0.050 |   1.074 |    1.082 | 
     | product3_reg_11_ | D v          | DFQD1    | 0.000 |   1.074 |    1.082 | 
     +-------------------------------------------------------------------------+ 

