###############################################################
#  Generated by:      Cadence Innovus 15.23-s045_1
#  OS:                Linux x86_64(Host ID ieng6-ece-11.ucsd.edu)
#  Generated on:      Fri Mar 21 21:14:24 2025
#  Design:            sram_w16
#  Command:           verifyConnectivity
###############################################################
Verify Connectivity Report is created on Fri Mar 21 21:14:24 2025



Net VSS: dangling Wire at (269.120, 50.000) (269.120, 50.000) on layer: M4
Net VSS: dangling Wire at (269.120, 294.800) (269.120, 294.800) on layer: M4
Net VSS: dangling Wire at (295.385, 50.000) (295.385, 50.000) on layer: M4
Net VSS: dangling Wire at (295.385, 294.800) (295.385, 294.800) on layer: M4
Net VSS: dangling Wire at (190.325, 50.000) (190.325, 50.000) on layer: M4
Net VSS: dangling Wire at (190.325, 294.800) (190.325, 294.800) on layer: M4
Net VSS: dangling Wire at (216.590, 50.000) (216.590, 50.000) on layer: M4
Net VSS: dangling Wire at (216.590, 294.800) (216.590, 294.800) on layer: M4
Net VSS: dangling Wire at (242.855, 50.000) (242.855, 50.000) on layer: M4
Net VSS: dangling Wire at (242.855, 294.800) (242.855, 294.800) on layer: M4
Net VSS: dangling Wire at (111.530, 50.000) (111.530, 50.000) on layer: M4
Net VSS: dangling Wire at (111.530, 294.800) (111.530, 294.800) on layer: M4
Net VSS: dangling Wire at (137.795, 50.000) (137.795, 50.000) on layer: M4
Net VSS: dangling Wire at (137.795, 294.800) (137.795, 294.800) on layer: M4
Net VSS: dangling Wire at (164.060, 50.000) (164.060, 50.000) on layer: M4
Net VSS: dangling Wire at (164.060, 294.800) (164.060, 294.800) on layer: M4
Net VSS: dangling Wire at (59.000, 50.000) (59.000, 50.000) on layer: M4
Net VSS: dangling Wire at (59.000, 294.800) (59.000, 294.800) on layer: M4
Net VSS: dangling Wire at (85.265, 50.000) (85.265, 50.000) on layer: M4
Net VSS: dangling Wire at (85.265, 294.800) (85.265, 294.800) on layer: M4

Begin Summary
    20 Problem(s) (IMPVFC-94): The net has dangling wire(s).
    20 total info(s) created.
End Summary
