###############################################################
#  Generated by:      Cadence Innovus 15.23-s045_1
#  OS:                Linux x86_64(Host ID ieng6-ece-11.ucsd.edu)
#  Generated on:      Sat Mar 22 00:19:10 2025
#  Design:            core
#  Command:           verifyGeometry
###############################################################

SHORT: Regular Via of Net mac_array_instance/genblk1_4__mac_col_inst/mac_8in_instance/mult_x_1_n82 & Blockage of Cell mac_array_instance/genblk1_4__mac_col_inst/mac_8in_instance/FE_RC_14904_0  ( M1 )
Bounds : ( 1086.250, 109.910 ) ( 1086.350, 110.330 )


SHORT: Regular Via of Net mac_array_instance/genblk1_4__mac_col_inst/mac_8in_instance/n480 & Blockage of Cell mac_array_instance/genblk1_4__mac_col_inst/mac_8in_instance/FE_RC_11428_0  ( M1 )
Bounds : ( 1099.010, 198.800 ) ( 1099.190, 198.900 )


SHORT: Regular Via of Net mac_array_instance/genblk1_2__mac_col_inst/mac_8in_instance/n563 & Blockage of Cell mac_array_instance/genblk1_2__mac_col_inst/mac_8in_instance/U15  ( M1 )
Bounds : ( 1028.250, 337.270 ) ( 1028.350, 337.690 )



Begin Summary ...
  Cells       : 0
  SameNet     : 0
  Wiring      : 0
  Antenna     : 0
  Short       : 3
  Overlap     : 0
End Summary

  Total Violations : 3 Viols.
